nohup: no se tendrá en cuenta la entrada
/home/scuser/Proyecto-TFM-MYO-Home-Assistant/Preprocesado_16/datos_procesados_16/Todos/Datos_Limpios.xlsx
Datos captados
Tamaño del dataset: (372118, 27)
Comienza el training
Fitting 3 folds for each of 240 candidates, totalling 720 fits
Accuracy: 0.3032892615285392
Classification poly Report:
                 precision    recall  f1-score   support

        ARRIBA       0.49      0.93      0.64      5955
  CRUZAR_DEDOS       0.21      0.59      0.31      2985
        CUATRO       0.30      0.62      0.40      5956
           DOS       0.25      0.24      0.25      5937
FINGERS_SPREAD       0.08      0.02      0.03      6046
          FIST       0.51      0.03      0.06      5892
       GIRO_IN       0.24      0.13      0.17      5949
      GIRO_OUT       0.35      0.46      0.40      5964
          REST       0.27      0.40      0.32      6056
          TRES       0.00      0.00      0.00      5981
           UNO       0.00      0.00      0.00      5998
       WAVE_IN       0.25      0.47      0.33      5759
      WAVE_OUT       0.41      0.20      0.26      5946

      accuracy                           0.30     74424
     macro avg       0.26      0.31      0.24     74424
  weighted avg       0.26      0.30      0.24     74424

Best Parameters: {'C': 100, 'coef0': 0.5, 'degree': 5, 'gamma': 'auto'}
Tiempo total transcurrido: 4148.82910490036 segundos
[CV] END ..............C=0.1, coef0=0.0, degree=2, gamma=0.1; total time=  39.9s
[CV] END .............C=0.1, coef0=0.0, degree=2, gamma=0.01; total time= 3.3min
[CV] END ............C=0.1, coef0=0.0, degree=3, gamma=0.001; total time= 4.1min
[CV] END ............C=0.1, coef0=0.0, degree=4, gamma=0.001; total time= 4.1min
[CV] END ............C=0.1, coef0=0.5, degree=2, gamma=scale; total time=  49.6s
[CV] END .............C=0.1, coef0=0.5, degree=2, gamma=auto; total time=  48.9s
[CV] END ..............C=0.1, coef0=0.5, degree=2, gamma=0.1; total time=  35.6s
[CV] END ............C=0.1, coef0=0.5, degree=2, gamma=0.001; total time= 3.0min
[CV] END ............C=0.1, coef0=0.5, degree=4, gamma=scale; total time=  40.7s
[CV] END ..............C=0.1, coef0=0.5, degree=4, gamma=0.1; total time=  21.0s
[CV] END .............C=0.1, coef0=0.5, degree=4, gamma=0.01; total time= 1.5min
[CV] END ..............C=0.1, coef0=0.5, degree=5, gamma=0.1; total time=  18.7s
[CV] END ............C=0.1, coef0=0.5, degree=5, gamma=0.001; total time= 3.8min
[CV] END ..............C=0.1, coef0=1.0, degree=3, gamma=0.1; total time=  19.6s
[CV] END ............C=0.1, coef0=1.0, degree=3, gamma=0.001; total time= 2.4min
[CV] END ............C=0.1, coef0=1.0, degree=5, gamma=0.001; total time= 1.9min
[CV] END ...............C=1, coef0=0.0, degree=3, gamma=auto; total time=  43.5s
[CV] END ................C=1, coef0=0.0, degree=3, gamma=0.1; total time=  18.7s
[CV] END ..............C=1, coef0=0.0, degree=3, gamma=0.001; total time= 4.3min
[CV] END ...............C=1, coef0=0.0, degree=5, gamma=auto; total time= 1.5min
[CV] END ...............C=1, coef0=0.0, degree=5, gamma=0.01; total time= 3.8min
[CV] END ................C=1, coef0=0.5, degree=3, gamma=0.1; total time=  16.6s
[CV] END ..............C=1, coef0=0.5, degree=4, gamma=scale; total time=  29.1s
[CV] END ................C=1, coef0=0.5, degree=4, gamma=0.1; total time=  19.0s
[CV] END ..............C=1, coef0=0.5, degree=4, gamma=0.001; total time= 1.8min
[CV] END ...............C=1, coef0=1.0, degree=2, gamma=auto; total time=  22.6s
[CV] END ..............C=1, coef0=1.0, degree=2, gamma=0.001; total time= 1.3min
[CV] END ..............C=1, coef0=1.0, degree=4, gamma=scale; total time=  18.4s
[CV] END ...............C=1, coef0=1.0, degree=4, gamma=0.01; total time=  38.8s
[CV] END ................C=1, coef0=1.0, degree=5, gamma=0.1; total time=  14.8s
[CV] END ..............C=1, coef0=1.0, degree=5, gamma=0.001; total time= 1.2min
[CV] END ..............C=10, coef0=0.0, degree=3, gamma=auto; total time=  20.6s
[CV] END .............C=10, coef0=0.0, degree=3, gamma=0.001; total time= 3.9min
[CV] END ..............C=10, coef0=0.0, degree=5, gamma=auto; total time=  37.0s
[CV] END .............C=10, coef0=0.0, degree=5, gamma=0.001; total time= 4.0min
[CV] END ..............C=10, coef0=0.5, degree=5, gamma=auto; total time=  15.4s
[CV] END ..............C=10, coef0=0.5, degree=5, gamma=0.01; total time=  24.7s
[CV] END .............C=10, coef0=1.0, degree=2, gamma=scale; total time=  16.4s
[CV] END ..............C=10, coef0=1.0, degree=2, gamma=0.01; total time=  38.3s
[CV] END ...............C=10, coef0=1.0, degree=3, gamma=0.1; total time=  21.4s
[CV] END ..............C=10, coef0=1.0, degree=4, gamma=auto; total time=  14.6s
[CV] END .............C=10, coef0=1.0, degree=4, gamma=0.001; total time=  38.3s
[CV] END ............C=100, coef0=0.0, degree=2, gamma=scale; total time=  18.9s
[CV] END .............C=100, coef0=0.0, degree=2, gamma=0.01; total time=  21.8s
[CV] END ............C=100, coef0=0.0, degree=3, gamma=scale; total time=  19.3s
[CV] END .............C=100, coef0=0.0, degree=3, gamma=0.01; total time=  34.1s
[CV] END .............C=100, coef0=0.0, degree=4, gamma=auto; total time=  22.5s
[CV] END ..............C=100, coef0=0.0, degree=4, gamma=0.1; total time=  18.3s
[CV] END ............C=100, coef0=0.0, degree=4, gamma=0.001; total time= 3.6min
[CV] END ..............C=100, coef0=0.5, degree=2, gamma=0.1; total time=  22.8s
[CV] END ............C=100, coef0=0.5, degree=2, gamma=0.001; total time=  41.7s
[CV] END ............C=100, coef0=0.5, degree=4, gamma=scale; total time=  13.2s
[CV] END .............C=100, coef0=0.5, degree=4, gamma=auto; total time=  20.3s
[CV] END ............C=100, coef0=0.5, degree=4, gamma=0.001; total time=  32.6s
[CV] END .............C=100, coef0=0.5, degree=5, gamma=0.01; total time=  14.9s
[CV] END .............C=100, coef0=1.0, degree=2, gamma=auto; total time=  18.1s
[CV] END .............C=100, coef0=1.0, degree=2, gamma=0.01; total time=  18.5s
[CV] END ..............C=100, coef0=1.0, degree=3, gamma=0.1; total time=  14.1s
[CV] END ............C=100, coef0=1.0, degree=4, gamma=scale; total time=  14.2s
[CV] END ..............C=100, coef0=1.0, degree=4, gamma=0.1; total time=  13.1s
[CV] END ............C=100, coef0=1.0, degree=5, gamma=scale; total time=  13.0s
[CV] END ..............C=100, coef0=1.0, degree=5, gamma=0.1; total time=  14.1s
[CV] END .............C=0.1, coef0=0.0, degree=2, gamma=auto; total time= 1.4min
[CV] END ............C=0.1, coef0=0.0, degree=2, gamma=0.001; total time= 3.9min
[CV] END .............C=0.1, coef0=0.0, degree=4, gamma=auto; total time= 2.3min
[CV] END .............C=0.1, coef0=0.0, degree=4, gamma=0.01; total time= 3.7min
[CV] END ..............C=0.1, coef0=0.0, degree=5, gamma=0.1; total time=  40.6s
[CV] END ............C=0.1, coef0=0.5, degree=2, gamma=scale; total time=  48.7s
[CV] END ............C=0.1, coef0=0.5, degree=2, gamma=scale; total time=  46.1s
[CV] END ..............C=0.1, coef0=0.5, degree=2, gamma=0.1; total time=  29.5s
[CV] END .............C=0.1, coef0=0.5, degree=2, gamma=0.01; total time= 1.3min
[CV] END ............C=0.1, coef0=0.5, degree=2, gamma=0.001; total time= 2.7min
[CV] END .............C=0.1, coef0=0.5, degree=4, gamma=auto; total time=  39.1s
[CV] END ............C=0.1, coef0=0.5, degree=5, gamma=scale; total time=  45.3s
[CV] END ............C=0.1, coef0=0.5, degree=5, gamma=scale; total time=  38.2s
[CV] END ..............C=0.1, coef0=0.5, degree=5, gamma=0.1; total time=  18.1s
[CV] END ............C=0.1, coef0=0.5, degree=5, gamma=0.001; total time= 3.6min
[CV] END .............C=0.1, coef0=1.0, degree=3, gamma=auto; total time=  29.7s
[CV] END ............C=0.1, coef0=1.0, degree=3, gamma=0.001; total time= 2.1min
[CV] END .............C=0.1, coef0=1.0, degree=5, gamma=auto; total time=  23.3s
[CV] END ............C=0.1, coef0=1.0, degree=5, gamma=0.001; total time= 1.8min
[CV] END ..............C=1, coef0=0.0, degree=3, gamma=scale; total time=  37.5s
[CV] END ...............C=1, coef0=0.0, degree=3, gamma=auto; total time=  35.9s
[CV] END ...............C=1, coef0=0.0, degree=3, gamma=0.01; total time= 2.4min
[CV] END ................C=1, coef0=0.0, degree=4, gamma=0.1; total time=  19.4s
[CV] END ...............C=1, coef0=0.0, degree=4, gamma=0.01; total time= 3.2min
[CV] END ...............C=1, coef0=0.0, degree=5, gamma=0.01; total time= 3.3min
[CV] END ...............C=1, coef0=0.5, degree=3, gamma=auto; total time=  24.1s
[CV] END ...............C=1, coef0=0.5, degree=3, gamma=0.01; total time=  40.0s
[CV] END ...............C=1, coef0=0.5, degree=4, gamma=auto; total time=  20.2s
[CV] END ..............C=1, coef0=0.5, degree=4, gamma=0.001; total time= 1.9min
[CV] END ................C=1, coef0=1.0, degree=2, gamma=0.1; total time=  29.6s
[CV] END ..............C=1, coef0=1.0, degree=2, gamma=0.001; total time= 1.4min
[CV] END ................C=1, coef0=1.0, degree=4, gamma=0.1; total time=  13.1s
[CV] END ..............C=1, coef0=1.0, degree=5, gamma=scale; total time=  15.4s
[CV] END ..............C=1, coef0=1.0, degree=5, gamma=scale; total time=  14.5s
[CV] END ................C=1, coef0=1.0, degree=5, gamma=0.1; total time=  13.9s
[CV] END ..............C=1, coef0=1.0, degree=5, gamma=0.001; total time=  53.1s
[CV] END .............C=10, coef0=0.0, degree=3, gamma=scale; total time=  22.5s
[CV] END ...............C=10, coef0=0.0, degree=3, gamma=0.1; total time=  14.8s
[CV] END ..............C=10, coef0=0.0, degree=3, gamma=0.01; total time= 1.1min
[CV] END ..............C=10, coef0=0.0, degree=4, gamma=auto; total time=  30.2s
[CV] END ...............C=10, coef0=0.0, degree=4, gamma=0.1; total time=  19.7s
[CV] END .............C=10, coef0=0.0, degree=4, gamma=0.001; total time= 3.6min
[CV] END ..............C=10, coef0=0.5, degree=2, gamma=auto; total time=  24.5s
[CV] END ..............C=10, coef0=0.5, degree=2, gamma=0.01; total time=  26.2s
[CV] END .............C=10, coef0=0.5, degree=2, gamma=0.001; total time=  44.0s
[CV] END ..............C=10, coef0=0.5, degree=3, gamma=auto; total time=  14.2s
[CV] END ..............C=10, coef0=0.5, degree=3, gamma=0.01; total time=  20.5s
[CV] END .............C=10, coef0=0.5, degree=4, gamma=scale; total time=  13.6s
[CV] END ..............C=10, coef0=0.5, degree=4, gamma=auto; total time=  13.9s
[CV] END ..............C=10, coef0=0.5, degree=4, gamma=0.01; total time=  22.4s
[CV] END ..............C=10, coef0=0.5, degree=5, gamma=auto; total time=  14.6s
[CV] END ..............C=10, coef0=0.5, degree=5, gamma=0.01; total time=  22.8s
[CV] END ..............C=10, coef0=1.0, degree=2, gamma=auto; total time=  19.9s
[CV] END .............C=10, coef0=1.0, degree=2, gamma=0.001; total time=  37.7s
[CV] END ..............C=10, coef0=1.0, degree=3, gamma=0.01; total time=  18.5s
[CV] END ..............C=10, coef0=1.0, degree=4, gamma=auto; total time=  13.2s
[CV] END ..............C=10, coef0=1.0, degree=4, gamma=0.01; total time=  16.5s
[CV] END ..............C=10, coef0=1.0, degree=5, gamma=auto; total time=  12.4s
[CV] END .............C=10, coef0=1.0, degree=5, gamma=0.001; total time=  30.4s
[CV] END .............C=100, coef0=0.0, degree=2, gamma=0.01; total time=  22.4s
[CV] END ............C=100, coef0=0.0, degree=3, gamma=scale; total time=  15.0s
[CV] END ..............C=100, coef0=0.0, degree=3, gamma=0.1; total time=  15.8s
[CV] END ............C=100, coef0=0.0, degree=4, gamma=scale; total time=  20.3s
[CV] END ............C=100, coef0=0.0, degree=4, gamma=scale; total time=  20.8s
[CV] END ..............C=100, coef0=0.0, degree=4, gamma=0.1; total time=  21.9s
[CV] END ............C=100, coef0=0.0, degree=5, gamma=scale; total time=  20.6s
[CV] END ............C=100, coef0=0.0, degree=5, gamma=scale; total time=  26.0s
[CV] END ............C=100, coef0=0.0, degree=5, gamma=scale; total time=  36.1s
[CV] END ..............C=100, coef0=0.0, degree=5, gamma=0.1; total time=  16.9s
[CV] END .............C=100, coef0=0.0, degree=5, gamma=0.01; total time= 2.3min
[CV] END ............C=100, coef0=0.5, degree=3, gamma=scale; total time=  15.3s
[CV] END .............C=100, coef0=0.5, degree=3, gamma=auto; total time=  12.8s
[CV] END .............C=100, coef0=0.5, degree=3, gamma=0.01; total time=  14.5s
[CV] END ............C=100, coef0=0.5, degree=4, gamma=scale; total time=  15.1s
[CV] END ..............C=100, coef0=0.5, degree=4, gamma=0.1; total time=  14.8s
[CV] END .............C=100, coef0=0.5, degree=4, gamma=0.01; total time=  15.3s
[CV] END ............C=100, coef0=0.5, degree=5, gamma=scale; total time=  13.6s
[CV] END ..............C=100, coef0=0.5, degree=5, gamma=0.1; total time=  16.6s
[CV] END ............C=100, coef0=1.0, degree=2, gamma=scale; total time=  16.7s
[CV] END .............C=100, coef0=1.0, degree=2, gamma=0.01; total time=  17.3s
[CV] END ............C=100, coef0=1.0, degree=3, gamma=scale; total time=  13.5s
[CV] END .............C=100, coef0=1.0, degree=3, gamma=0.01; total time=  21.1s
[CV] END ..............C=100, coef0=1.0, degree=4, gamma=0.1; total time=  14.1s
[CV] END ............C=100, coef0=1.0, degree=5, gamma=scale; total time=  13.1s
[CV] END ..............C=100, coef0=1.0, degree=5, gamma=0.1; total time=  13.8s
[CV] END .............C=0.1, coef0=0.0, degree=2, gamma=0.01; total time= 3.3min
[CV] END ..............C=0.1, coef0=0.0, degree=3, gamma=0.1; total time=  39.8s
[CV] END ............C=0.1, coef0=0.0, degree=3, gamma=0.001; total time= 4.1min
[CV] END ............C=0.1, coef0=0.0, degree=5, gamma=scale; total time= 2.4min
[CV] END .............C=0.1, coef0=0.0, degree=5, gamma=auto; total time= 2.4min
[CV] END .............C=0.1, coef0=0.5, degree=2, gamma=auto; total time=  54.7s
[CV] END ..............C=0.1, coef0=0.5, degree=2, gamma=0.1; total time=  30.5s
[CV] END .............C=0.1, coef0=0.5, degree=2, gamma=0.01; total time= 1.4min
[CV] END .............C=0.1, coef0=0.5, degree=3, gamma=auto; total time=  42.8s
[CV] END ............C=0.1, coef0=0.5, degree=3, gamma=0.001; total time= 2.8min
[CV] END ............C=0.1, coef0=0.5, degree=5, gamma=scale; total time=  40.6s
[CV] END ..............C=0.1, coef0=0.5, degree=5, gamma=0.1; total time=  19.1s
[CV] END ............C=0.1, coef0=0.5, degree=5, gamma=0.001; total time= 3.7min
[CV] END ..............C=0.1, coef0=1.0, degree=3, gamma=0.1; total time=  20.2s
[CV] END .............C=0.1, coef0=1.0, degree=3, gamma=0.01; total time=  55.7s
[CV] END ..............C=0.1, coef0=1.0, degree=4, gamma=0.1; total time=  17.3s
[CV] END ............C=0.1, coef0=1.0, degree=4, gamma=0.001; total time= 2.1min
[CV] END ...............C=1, coef0=0.0, degree=2, gamma=auto; total time=  36.1s
[CV] END ..............C=1, coef0=0.0, degree=2, gamma=0.001; total time= 3.8min
[CV] END ...............C=1, coef0=0.0, degree=4, gamma=auto; total time= 1.2min
[CV] END ..............C=1, coef0=0.0, degree=5, gamma=scale; total time= 1.3min
[CV] END ...............C=1, coef0=0.0, degree=5, gamma=auto; total time= 1.3min
[CV] END ..............C=1, coef0=0.0, degree=5, gamma=0.001; total time= 3.7min
[CV] END ..............C=1, coef0=0.5, degree=4, gamma=scale; total time=  21.0s
[CV] END ...............C=1, coef0=0.5, degree=4, gamma=auto; total time=  20.3s
[CV] END ..............C=1, coef0=0.5, degree=4, gamma=0.001; total time= 1.7min
[CV] END ..............C=1, coef0=1.0, degree=2, gamma=scale; total time=  22.1s
[CV] END ................C=1, coef0=1.0, degree=2, gamma=0.1; total time=  16.7s
[CV] END ..............C=1, coef0=1.0, degree=2, gamma=0.001; total time= 1.1min
[CV] END ..............C=1, coef0=1.0, degree=4, gamma=scale; total time=  15.8s
[CV] END ...............C=1, coef0=1.0, degree=4, gamma=auto; total time=  15.8s
[CV] END ..............C=1, coef0=1.0, degree=4, gamma=0.001; total time=  59.2s
[CV] END .............C=10, coef0=0.0, degree=2, gamma=scale; total time=  27.0s
[CV] END .............C=10, coef0=0.0, degree=2, gamma=0.001; total time= 2.6min
[CV] END ..............C=10, coef0=0.0, degree=4, gamma=0.01; total time= 2.5min
[CV] END ...............C=10, coef0=0.0, degree=5, gamma=0.1; total time=  24.1s
[CV] END .............C=10, coef0=0.5, degree=2, gamma=scale; total time=  15.8s
[CV] END .............C=10, coef0=0.5, degree=2, gamma=scale; total time=  15.2s
[CV] END .............C=10, coef0=0.5, degree=2, gamma=scale; total time=  15.9s
[CV] END ..............C=10, coef0=0.5, degree=2, gamma=auto; total time=  15.7s
[CV] END ...............C=10, coef0=0.5, degree=2, gamma=0.1; total time=  15.2s
[CV] END ..............C=10, coef0=0.5, degree=2, gamma=0.01; total time=  22.2s
[CV] END .............C=10, coef0=0.5, degree=2, gamma=0.001; total time=  51.7s
[CV] END ...............C=10, coef0=0.5, degree=3, gamma=0.1; total time=  13.3s
[CV] END .............C=10, coef0=0.5, degree=3, gamma=0.001; total time=  48.8s
[CV] END ..............C=10, coef0=0.5, degree=4, gamma=0.01; total time=  32.8s
[CV] END ..............C=10, coef0=0.5, degree=5, gamma=0.01; total time=  35.5s
[CV] END ...............C=10, coef0=1.0, degree=2, gamma=0.1; total time=  23.8s
[CV] END .............C=10, coef0=1.0, degree=3, gamma=scale; total time=  24.2s
[CV] END .............C=10, coef0=1.0, degree=3, gamma=0.001; total time=  40.8s
[CV] END ..............C=10, coef0=1.0, degree=5, gamma=auto; total time=  12.8s
[CV] END ..............C=10, coef0=1.0, degree=5, gamma=0.01; total time=  14.9s
[CV] END ............C=100, coef0=0.0, degree=2, gamma=scale; total time=  18.5s
[CV] END ..............C=100, coef0=0.0, degree=2, gamma=0.1; total time=  31.6s
[CV] END .............C=100, coef0=0.0, degree=3, gamma=auto; total time=  15.1s
[CV] END ............C=100, coef0=0.0, degree=3, gamma=0.001; total time= 3.3min
[CV] END ............C=100, coef0=0.0, degree=5, gamma=0.001; total time= 3.7min
[CV] END ............C=100, coef0=0.5, degree=5, gamma=0.001; total time=  30.9s
[CV] END ............C=100, coef0=1.0, degree=2, gamma=0.001; total time=  25.7s
[CV] END .............C=100, coef0=1.0, degree=3, gamma=0.01; total time=  14.2s
[CV] END .............C=100, coef0=1.0, degree=4, gamma=auto; total time=  18.9s
[CV] END ............C=100, coef0=1.0, degree=5, gamma=scale; total time=  13.9s
[CV] END ..............C=100, coef0=1.0, degree=5, gamma=0.1; total time=  14.4s
[CV] END ............C=0.1, coef0=0.0, degree=2, gamma=scale; total time= 1.3min
[CV] END ............C=0.1, coef0=0.0, degree=2, gamma=0.001; total time= 3.6min
[CV] END ............C=0.1, coef0=0.0, degree=4, gamma=scale; total time= 2.1min
[CV] END ..............C=0.1, coef0=0.0, degree=4, gamma=0.1; total time=  33.6s
[CV] END .............C=0.1, coef0=0.0, degree=4, gamma=0.01; total time= 3.7min
[CV] END ..............C=0.1, coef0=0.0, degree=5, gamma=0.1; total time=  39.0s
[CV] END ............C=0.1, coef0=0.0, degree=5, gamma=0.001; total time= 3.9min
[CV] END .............C=0.1, coef0=0.5, degree=3, gamma=auto; total time=  44.4s
[CV] END ............C=0.1, coef0=0.5, degree=3, gamma=0.001; total time= 2.9min
[CV] END .............C=0.1, coef0=0.5, degree=5, gamma=auto; total time=  43.9s
[CV] END .............C=0.1, coef0=0.5, degree=5, gamma=0.01; total time= 1.7min
[CV] END .............C=0.1, coef0=1.0, degree=2, gamma=auto; total time=  41.7s
[CV] END .............C=0.1, coef0=1.0, degree=2, gamma=0.01; total time= 1.0min
[CV] END ............C=0.1, coef0=1.0, degree=3, gamma=scale; total time=  35.9s
[CV] END .............C=0.1, coef0=1.0, degree=3, gamma=0.01; total time= 1.0min
[CV] END .............C=0.1, coef0=1.0, degree=4, gamma=auto; total time=  36.4s
[CV] END ............C=0.1, coef0=1.0, degree=5, gamma=scale; total time=  25.1s
[CV] END ............C=0.1, coef0=1.0, degree=5, gamma=scale; total time=  21.6s
[CV] END ..............C=0.1, coef0=1.0, degree=5, gamma=0.1; total time=  16.3s
[CV] END ............C=0.1, coef0=1.0, degree=5, gamma=0.001; total time= 1.7min
[CV] END ..............C=1, coef0=0.0, degree=3, gamma=scale; total time=  36.2s
[CV] END ...............C=1, coef0=0.0, degree=3, gamma=auto; total time=  54.9s
[CV] END ..............C=1, coef0=0.0, degree=4, gamma=scale; total time= 1.1min
[CV] END ..............C=1, coef0=0.0, degree=4, gamma=scale; total time= 1.0min
[CV] END ................C=1, coef0=0.0, degree=4, gamma=0.1; total time=  22.3s
[CV] END ...............C=1, coef0=0.0, degree=4, gamma=0.01; total time= 3.0min
[CV] END ...............C=1, coef0=0.0, degree=5, gamma=0.01; total time= 3.4min
[CV] END ...............C=1, coef0=0.5, degree=3, gamma=auto; total time=  21.1s
[CV] END ................C=1, coef0=0.5, degree=3, gamma=0.1; total time=  14.8s
[CV] END ..............C=1, coef0=0.5, degree=3, gamma=0.001; total time= 1.7min
[CV] END ...............C=1, coef0=0.5, degree=5, gamma=0.01; total time=  60.0s
[CV] END ................C=1, coef0=1.0, degree=2, gamma=0.1; total time=  29.2s
[CV] END ..............C=1, coef0=1.0, degree=3, gamma=scale; total time=  31.8s
[CV] END ................C=1, coef0=1.0, degree=3, gamma=0.1; total time=  19.1s
[CV] END ..............C=1, coef0=1.0, degree=4, gamma=scale; total time=  17.6s
[CV] END ...............C=1, coef0=1.0, degree=4, gamma=auto; total time=  16.3s
[CV] END ...............C=1, coef0=1.0, degree=4, gamma=0.01; total time=  25.8s
[CV] END ...............C=1, coef0=1.0, degree=5, gamma=auto; total time=  21.9s
[CV] END ...............C=1, coef0=1.0, degree=5, gamma=0.01; total time=  23.5s
[CV] END ...............C=10, coef0=0.0, degree=2, gamma=0.1; total time=  18.6s
[CV] END ..............C=10, coef0=0.0, degree=2, gamma=0.01; total time=  43.6s
[CV] END ..............C=10, coef0=0.0, degree=3, gamma=0.01; total time= 1.1min
[CV] END .............C=10, coef0=0.0, degree=4, gamma=scale; total time=  29.4s
[CV] END ...............C=10, coef0=0.0, degree=4, gamma=0.1; total time=  18.0s
[CV] END ..............C=10, coef0=0.0, degree=4, gamma=0.01; total time= 2.3min
[CV] END ..............C=10, coef0=0.0, degree=5, gamma=auto; total time=  33.6s
[CV] END .............C=10, coef0=0.0, degree=5, gamma=0.001; total time= 3.9min
[CV] END .............C=10, coef0=0.5, degree=5, gamma=scale; total time=  14.7s
[CV] END ...............C=10, coef0=0.5, degree=5, gamma=0.1; total time=  14.6s
[CV] END .............C=10, coef0=0.5, degree=5, gamma=0.001; total time=  58.3s
[CV] END ..............C=10, coef0=1.0, degree=3, gamma=auto; total time=  13.8s
[CV] END ..............C=10, coef0=1.0, degree=3, gamma=0.01; total time=  17.9s
[CV] END ..............C=10, coef0=1.0, degree=4, gamma=auto; total time=  12.8s
[CV] END ..............C=10, coef0=1.0, degree=4, gamma=0.01; total time=  20.3s
[CV] END ...............C=10, coef0=1.0, degree=5, gamma=0.1; total time=  24.3s
[CV] END ..............C=100, coef0=0.0, degree=2, gamma=0.1; total time=  45.2s
[CV] END ..............C=100, coef0=0.0, degree=3, gamma=0.1; total time=  14.9s
[CV] END ............C=100, coef0=0.0, degree=3, gamma=0.001; total time= 3.3min
[CV] END ............C=100, coef0=0.0, degree=5, gamma=0.001; total time= 3.8min
[CV] END ............C=100, coef0=1.0, degree=2, gamma=scale; total time=  24.7s
[CV] END ............C=100, coef0=1.0, degree=2, gamma=0.001; total time=  34.4s
[CV] END ............C=100, coef0=1.0, degree=4, gamma=scale; total time=  12.9s
[CV] END ..............C=100, coef0=1.0, degree=4, gamma=0.1; total time=  13.3s
[CV] END .............C=100, coef0=1.0, degree=5, gamma=auto; total time=  13.6s
[CV] END .............C=100, coef0=1.0, degree=5, gamma=0.01; total time=  13.7s
[CV] END ..............C=0.1, coef0=0.0, degree=2, gamma=0.1; total time=  44.4s
[CV] END ............C=0.1, coef0=0.0, degree=2, gamma=0.001; total time= 4.0min
[CV] END ............C=0.1, coef0=0.0, degree=4, gamma=scale; total time= 2.0min
[CV] END .............C=0.1, coef0=0.0, degree=4, gamma=auto; total time= 2.1min
[CV] END ............C=0.1, coef0=0.0, degree=5, gamma=scale; total time= 2.4min
[CV] END .............C=0.1, coef0=0.0, degree=5, gamma=0.01; total time= 4.0min
[CV] END ............C=0.1, coef0=0.5, degree=2, gamma=0.001; total time= 2.8min
[CV] END .............C=0.1, coef0=0.5, degree=4, gamma=0.01; total time= 1.7min
[CV] END .............C=0.1, coef0=0.5, degree=5, gamma=auto; total time=  42.1s
[CV] END ............C=0.1, coef0=1.0, degree=2, gamma=scale; total time=  55.9s
[CV] END ............C=0.1, coef0=1.0, degree=2, gamma=scale; total time=  40.8s
[CV] END ..............C=0.1, coef0=1.0, degree=2, gamma=0.1; total time=  26.4s
[CV] END ............C=0.1, coef0=1.0, degree=2, gamma=0.001; total time= 2.1min
[CV] END ............C=0.1, coef0=1.0, degree=4, gamma=scale; total time=  33.2s
[CV] END .............C=0.1, coef0=1.0, degree=4, gamma=auto; total time=  36.4s
[CV] END ............C=0.1, coef0=1.0, degree=4, gamma=0.001; total time= 2.2min
[CV] END ................C=1, coef0=0.0, degree=2, gamma=0.1; total time=  32.4s
[CV] END ..............C=1, coef0=0.0, degree=2, gamma=0.001; total time= 3.6min
[CV] END ................C=1, coef0=0.0, degree=4, gamma=0.1; total time=  20.4s
[CV] END ...............C=1, coef0=0.0, degree=4, gamma=0.01; total time= 3.0min
[CV] END ................C=1, coef0=0.0, degree=5, gamma=0.1; total time=  24.6s
[CV] END ..............C=1, coef0=0.0, degree=5, gamma=0.001; total time= 3.9min
[CV] END ...............C=1, coef0=0.5, degree=4, gamma=auto; total time=  20.3s
[CV] END ................C=1, coef0=0.5, degree=4, gamma=0.1; total time=  18.5s
[CV] END ..............C=1, coef0=0.5, degree=5, gamma=scale; total time=  20.6s
[CV] END ..............C=1, coef0=0.5, degree=5, gamma=scale; total time=  19.6s
[CV] END ...............C=1, coef0=0.5, degree=5, gamma=auto; total time=  30.8s
[CV] END ..............C=1, coef0=0.5, degree=5, gamma=0.001; total time= 1.9min
[CV] END ...............C=1, coef0=1.0, degree=3, gamma=0.01; total time=  30.7s
[CV] END ................C=1, coef0=1.0, degree=4, gamma=0.1; total time=  14.1s
[CV] END ..............C=1, coef0=1.0, degree=4, gamma=0.001; total time=  57.1s
[CV] END .............C=10, coef0=0.0, degree=2, gamma=scale; total time=  20.3s
[CV] END ...............C=10, coef0=0.0, degree=2, gamma=0.1; total time=  21.8s
[CV] END .............C=10, coef0=0.0, degree=3, gamma=scale; total time=  24.5s
[CV] END ..............C=10, coef0=0.0, degree=3, gamma=auto; total time=  19.7s
[CV] END .............C=10, coef0=0.0, degree=3, gamma=0.001; total time= 3.7min
[CV] END .............C=10, coef0=0.0, degree=5, gamma=scale; total time=  35.2s
[CV] END ...............C=10, coef0=0.0, degree=5, gamma=0.1; total time=  20.5s
[CV] END .............C=10, coef0=0.0, degree=5, gamma=0.001; total time= 3.5min
[CV] END ..............C=10, coef0=0.5, degree=4, gamma=0.01; total time=  29.5s
[CV] END ..............C=10, coef0=0.5, degree=5, gamma=auto; total time=  26.0s
[CV] END .............C=10, coef0=1.0, degree=2, gamma=scale; total time=  19.6s
[CV] END ...............C=10, coef0=1.0, degree=2, gamma=0.1; total time=  14.1s
[CV] END .............C=10, coef0=1.0, degree=2, gamma=0.001; total time=  37.7s
[CV] END .............C=10, coef0=1.0, degree=4, gamma=scale; total time=  17.8s
[CV] END ..............C=10, coef0=1.0, degree=4, gamma=0.01; total time=  18.7s
[CV] END ..............C=10, coef0=1.0, degree=5, gamma=auto; total time=  13.1s
[CV] END ..............C=10, coef0=1.0, degree=5, gamma=0.01; total time=  15.5s
[CV] END .............C=100, coef0=0.0, degree=2, gamma=auto; total time=  17.2s
[CV] END .............C=100, coef0=0.0, degree=2, gamma=0.01; total time=  22.2s
[CV] END .............C=100, coef0=0.0, degree=3, gamma=auto; total time=  15.6s
[CV] END .............C=100, coef0=0.0, degree=3, gamma=0.01; total time=  36.1s
[CV] END .............C=100, coef0=0.0, degree=4, gamma=auto; total time=  19.5s
[CV] END ..............C=100, coef0=0.0, degree=4, gamma=0.1; total time=  20.5s
[CV] END ............C=100, coef0=0.0, degree=4, gamma=0.001; total time= 3.8min
[CV] END .............C=100, coef0=0.5, degree=2, gamma=0.01; total time=  15.9s
[CV] END ............C=100, coef0=0.5, degree=3, gamma=scale; total time=  13.4s
[CV] END ..............C=100, coef0=0.5, degree=3, gamma=0.1; total time=  13.9s
[CV] END ............C=100, coef0=0.5, degree=3, gamma=0.001; total time=  27.7s
[CV] END ..............C=100, coef0=0.5, degree=4, gamma=0.1; total time=  14.2s
[CV] END ............C=100, coef0=0.5, degree=4, gamma=0.001; total time=  32.9s
[CV] END ............C=100, coef0=0.5, degree=5, gamma=0.001; total time=  31.8s
[CV] END ............C=100, coef0=1.0, degree=2, gamma=0.001; total time=  25.2s
[CV] END .............C=100, coef0=1.0, degree=3, gamma=0.01; total time=  14.5s
[CV] END .............C=100, coef0=1.0, degree=4, gamma=auto; total time=  12.0s
[CV] END ............C=100, coef0=1.0, degree=4, gamma=0.001; total time=  22.4s
[CV] END .............C=100, coef0=1.0, degree=5, gamma=0.01; total time=  13.6s
[CV] END ............C=0.1, coef0=0.0, degree=2, gamma=scale; total time= 1.4min
[CV] END ............C=0.1, coef0=0.0, degree=3, gamma=scale; total time= 1.6min
[CV] END ..............C=0.1, coef0=0.0, degree=3, gamma=0.1; total time=  35.9s
[CV] END .............C=0.1, coef0=0.0, degree=3, gamma=0.01; total time= 3.8min
[CV] END .............C=0.1, coef0=0.0, degree=4, gamma=0.01; total time= 3.5min
[CV] END .............C=0.1, coef0=0.0, degree=5, gamma=auto; total time= 2.1min
[CV] END .............C=0.1, coef0=0.5, degree=2, gamma=auto; total time=  57.5s
[CV] END .............C=0.1, coef0=0.5, degree=2, gamma=0.01; total time= 1.3min
[CV] END ............C=0.1, coef0=0.5, degree=3, gamma=scale; total time=  43.2s
[CV] END ..............C=0.1, coef0=0.5, degree=3, gamma=0.1; total time=  24.1s
[CV] END ............C=0.1, coef0=0.5, degree=3, gamma=0.001; total time= 3.1min
[CV] END .............C=0.1, coef0=0.5, degree=5, gamma=auto; total time=  39.7s
[CV] END .............C=0.1, coef0=0.5, degree=5, gamma=0.01; total time= 1.9min
[CV] END ..............C=0.1, coef0=1.0, degree=2, gamma=0.1; total time=  28.1s
[CV] END ............C=0.1, coef0=1.0, degree=2, gamma=0.001; total time= 2.7min
[CV] END ..............C=0.1, coef0=1.0, degree=4, gamma=0.1; total time=  16.7s
[CV] END ............C=0.1, coef0=1.0, degree=4, gamma=0.001; total time= 2.3min
[CV] END ................C=1, coef0=0.0, degree=2, gamma=0.1; total time=  41.0s
[CV] END ..............C=1, coef0=0.0, degree=3, gamma=scale; total time=  39.6s
[CV] END ................C=1, coef0=0.0, degree=3, gamma=0.1; total time=  19.8s
[CV] END ................C=1, coef0=0.0, degree=3, gamma=0.1; total time=  18.5s
[CV] END ..............C=1, coef0=0.0, degree=3, gamma=0.001; total time= 3.5min
[CV] END ..............C=1, coef0=0.0, degree=5, gamma=scale; total time= 1.4min
[CV] END ...............C=1, coef0=0.0, degree=5, gamma=auto; total time= 1.4min
[CV] END ..............C=1, coef0=0.5, degree=2, gamma=scale; total time=  29.6s
[CV] END ...............C=1, coef0=0.5, degree=2, gamma=auto; total time=  26.9s
[CV] END ................C=1, coef0=0.5, degree=2, gamma=0.1; total time=  20.3s
[CV] END ...............C=1, coef0=0.5, degree=2, gamma=0.01; total time=  38.3s
[CV] END ..............C=1, coef0=0.5, degree=3, gamma=scale; total time=  21.5s
[CV] END ..............C=1, coef0=0.5, degree=3, gamma=scale; total time=  25.6s
[CV] END ..............C=1, coef0=0.5, degree=3, gamma=scale; total time=  22.9s
[CV] END ................C=1, coef0=0.5, degree=3, gamma=0.1; total time=  15.3s
[CV] END ...............C=1, coef0=0.5, degree=3, gamma=0.01; total time=  39.4s
[CV] END ...............C=1, coef0=0.5, degree=4, gamma=0.01; total time=  44.8s
[CV] END ..............C=1, coef0=0.5, degree=5, gamma=scale; total time=  20.8s
[CV] END ................C=1, coef0=0.5, degree=5, gamma=0.1; total time=  26.9s
[CV] END ..............C=1, coef0=1.0, degree=2, gamma=scale; total time=  23.3s
[CV] END ..............C=1, coef0=1.0, degree=2, gamma=scale; total time=  21.6s
[CV] END ...............C=1, coef0=1.0, degree=2, gamma=0.01; total time=  34.6s
[CV] END ..............C=1, coef0=1.0, degree=3, gamma=scale; total time=  17.6s
[CV] END ...............C=1, coef0=1.0, degree=3, gamma=auto; total time=  17.8s
[CV] END ..............C=1, coef0=1.0, degree=3, gamma=0.001; total time= 1.1min
[CV] END ...............C=1, coef0=1.0, degree=5, gamma=auto; total time=  14.8s
[CV] END ...............C=1, coef0=1.0, degree=5, gamma=0.01; total time=  25.0s
[CV] END ..............C=10, coef0=0.0, degree=2, gamma=auto; total time=  21.8s
[CV] END ..............C=10, coef0=0.0, degree=2, gamma=0.01; total time=  42.0s
[CV] END ...............C=10, coef0=0.0, degree=3, gamma=0.1; total time=  20.6s
[CV] END .............C=10, coef0=0.0, degree=4, gamma=scale; total time=  27.6s
[CV] END .............C=10, coef0=0.0, degree=4, gamma=scale; total time=  42.7s
[CV] END ..............C=10, coef0=0.0, degree=4, gamma=auto; total time=  30.6s
[CV] END ..............C=10, coef0=0.0, degree=4, gamma=0.01; total time= 2.2min
[CV] END ...............C=10, coef0=0.0, degree=5, gamma=0.1; total time=  17.9s
[CV] END ..............C=10, coef0=0.0, degree=5, gamma=0.01; total time= 2.9min
[CV] END ...............C=10, coef0=0.5, degree=3, gamma=0.1; total time=  17.5s
[CV] END .............C=10, coef0=0.5, degree=4, gamma=scale; total time=  15.3s
[CV] END ..............C=10, coef0=0.5, degree=4, gamma=auto; total time=  14.8s
[CV] END ...............C=10, coef0=0.5, degree=4, gamma=0.1; total time=  14.6s
[CV] END .............C=10, coef0=0.5, degree=4, gamma=0.001; total time=  51.1s
[CV] END ..............C=10, coef0=1.0, degree=2, gamma=auto; total time=  14.9s
[CV] END ..............C=10, coef0=1.0, degree=2, gamma=0.01; total time=  21.0s
[CV] END .............C=10, coef0=1.0, degree=3, gamma=scale; total time=  13.4s
[CV] END ...............C=10, coef0=1.0, degree=3, gamma=0.1; total time=  13.3s
[CV] END .............C=10, coef0=1.0, degree=3, gamma=0.001; total time=  35.3s
[CV] END .............C=10, coef0=1.0, degree=5, gamma=scale; total time=  13.0s
[CV] END ..............C=10, coef0=1.0, degree=5, gamma=0.01; total time=  15.6s
[CV] END ............C=100, coef0=0.0, degree=2, gamma=scale; total time=  18.5s
[CV] END ..............C=100, coef0=0.0, degree=2, gamma=0.1; total time=  25.7s
[CV] END .............C=100, coef0=0.0, degree=3, gamma=auto; total time=  14.7s
[CV] END .............C=100, coef0=0.0, degree=3, gamma=0.01; total time=  31.1s
[CV] END ............C=100, coef0=0.0, degree=4, gamma=scale; total time=  19.6s
[CV] END .............C=100, coef0=0.0, degree=4, gamma=auto; total time=  18.7s
[CV] END .............C=100, coef0=0.0, degree=4, gamma=0.01; total time= 1.1min
[CV] END .............C=100, coef0=0.0, degree=5, gamma=auto; total time=  20.2s
[CV] END ..............C=100, coef0=0.0, degree=5, gamma=0.1; total time=  19.9s
[CV] END .............C=100, coef0=0.0, degree=5, gamma=0.01; total time= 1.9min
[CV] END ..............C=100, coef0=0.5, degree=2, gamma=0.1; total time=  20.8s
[CV] END ............C=100, coef0=0.5, degree=2, gamma=0.001; total time=  27.3s
[CV] END .............C=100, coef0=0.5, degree=3, gamma=0.01; total time=  15.1s
[CV] END ............C=100, coef0=0.5, degree=4, gamma=scale; total time=  15.4s
[CV] END .............C=100, coef0=0.5, degree=4, gamma=auto; total time=  20.6s
[CV] END ............C=100, coef0=0.5, degree=5, gamma=scale; total time=  14.1s
[CV] END .............C=100, coef0=0.5, degree=5, gamma=auto; total time=  15.2s
[CV] END .............C=100, coef0=0.5, degree=5, gamma=0.01; total time=  22.1s
[CV] END ..............C=100, coef0=1.0, degree=2, gamma=0.1; total time=  21.6s
[CV] END ............C=100, coef0=1.0, degree=3, gamma=scale; total time=  13.3s
[CV] END ..............C=100, coef0=1.0, degree=3, gamma=0.1; total time=  13.5s
[CV] END ............C=100, coef0=1.0, degree=4, gamma=scale; total time=  12.5s
[CV] END .............C=100, coef0=1.0, degree=4, gamma=0.01; total time=  22.1s
[CV] END .............C=100, coef0=1.0, degree=5, gamma=auto; total time=  19.1s
[CV] END .............C=0.1, coef0=0.0, degree=2, gamma=auto; total time= 1.4min
[CV] END ............C=0.1, coef0=0.0, degree=3, gamma=scale; total time= 1.5min
[CV] END .............C=0.1, coef0=0.0, degree=3, gamma=auto; total time= 1.5min
[CV] END ............C=0.1, coef0=0.0, degree=3, gamma=0.001; total time= 4.0min
[CV] END ............C=0.1, coef0=0.0, degree=5, gamma=scale; total time= 2.7min
[CV] END ..............C=0.1, coef0=0.0, degree=5, gamma=0.1; total time=  38.2s
[CV] END ............C=0.1, coef0=0.0, degree=5, gamma=0.001; total time= 4.2min
[CV] END ..............C=0.1, coef0=0.5, degree=3, gamma=0.1; total time=  28.2s
[CV] END .............C=0.1, coef0=0.5, degree=3, gamma=0.01; total time= 1.6min
[CV] END ..............C=0.1, coef0=0.5, degree=4, gamma=0.1; total time=  20.8s
[CV] END .............C=0.1, coef0=0.5, degree=4, gamma=0.01; total time= 1.7min
[CV] END .............C=0.1, coef0=0.5, degree=5, gamma=0.01; total time= 1.7min
[CV] END ............C=0.1, coef0=1.0, degree=2, gamma=scale; total time=  43.4s
[CV] END .............C=0.1, coef0=1.0, degree=2, gamma=0.01; total time= 1.1min
[CV] END .............C=0.1, coef0=1.0, degree=3, gamma=auto; total time=  36.0s
[CV] END .............C=0.1, coef0=1.0, degree=3, gamma=0.01; total time= 1.1min
[CV] END ..............C=0.1, coef0=1.0, degree=4, gamma=0.1; total time=  17.1s
[CV] END .............C=0.1, coef0=1.0, degree=4, gamma=0.01; total time=  50.7s
[CV] END .............C=0.1, coef0=1.0, degree=5, gamma=auto; total time=  22.8s
[CV] END .............C=0.1, coef0=1.0, degree=5, gamma=0.01; total time=  45.7s
[CV] END ..............C=1, coef0=0.0, degree=2, gamma=scale; total time=  34.8s
[CV] END ...............C=1, coef0=0.0, degree=2, gamma=0.01; total time= 1.6min
[CV] END ...............C=1, coef0=0.0, degree=3, gamma=0.01; total time= 2.3min
[CV] END ...............C=1, coef0=0.0, degree=4, gamma=auto; total time= 1.2min
[CV] END ..............C=1, coef0=0.0, degree=4, gamma=0.001; total time= 3.6min
[CV] END ...............C=1, coef0=0.5, degree=2, gamma=auto; total time=  28.6s
[CV] END ................C=1, coef0=0.5, degree=2, gamma=0.1; total time=  18.4s
[CV] END ..............C=1, coef0=0.5, degree=2, gamma=0.001; total time= 1.5min
[CV] END ...............C=1, coef0=0.5, degree=3, gamma=auto; total time=  21.0s
[CV] END ...............C=1, coef0=0.5, degree=3, gamma=0.01; total time=  43.0s
[CV] END ...............C=1, coef0=0.5, degree=4, gamma=0.01; total time=  58.0s
[CV] END ................C=1, coef0=0.5, degree=5, gamma=0.1; total time=  15.8s
[CV] END ...............C=1, coef0=0.5, degree=5, gamma=0.01; total time=  45.2s
[CV] END ...............C=1, coef0=1.0, degree=2, gamma=auto; total time=  22.4s
[CV] END ...............C=1, coef0=1.0, degree=2, gamma=0.01; total time=  34.9s
[CV] END ...............C=1, coef0=1.0, degree=3, gamma=auto; total time=  18.9s
[CV] END ...............C=1, coef0=1.0, degree=3, gamma=0.01; total time=  32.8s
[CV] END ...............C=1, coef0=1.0, degree=4, gamma=auto; total time=  17.1s
[CV] END ...............C=1, coef0=1.0, degree=4, gamma=0.01; total time=  28.2s
[CV] END ...............C=1, coef0=1.0, degree=5, gamma=auto; total time=  18.3s
[CV] END ..............C=1, coef0=1.0, degree=5, gamma=0.001; total time=  57.3s
[CV] END .............C=10, coef0=0.0, degree=3, gamma=scale; total time=  19.8s
[CV] END ..............C=10, coef0=0.0, degree=3, gamma=auto; total time=  19.8s
[CV] END .............C=10, coef0=0.0, degree=3, gamma=0.001; total time= 4.3min
[CV] END ..............C=10, coef0=0.0, degree=5, gamma=0.01; total time= 3.0min
[CV] END ..............C=10, coef0=0.5, degree=3, gamma=0.01; total time=  29.8s
[CV] END ..............C=10, coef0=0.5, degree=4, gamma=auto; total time=  16.5s
[CV] END ...............C=10, coef0=0.5, degree=4, gamma=0.1; total time=  18.5s
[CV] END .............C=10, coef0=0.5, degree=5, gamma=scale; total time=  15.2s
[CV] END ...............C=10, coef0=0.5, degree=5, gamma=0.1; total time=  15.2s
[CV] END .............C=10, coef0=0.5, degree=5, gamma=0.001; total time=  59.9s
[CV] END ..............C=10, coef0=1.0, degree=3, gamma=auto; total time=  13.7s
[CV] END ..............C=10, coef0=1.0, degree=3, gamma=0.01; total time=  19.3s
[CV] END ...............C=10, coef0=1.0, degree=4, gamma=0.1; total time=  15.6s
[CV] END .............C=10, coef0=1.0, degree=4, gamma=0.001; total time=  40.0s
[CV] END .............C=100, coef0=0.0, degree=2, gamma=auto; total time=  18.7s
[CV] END ............C=100, coef0=0.0, degree=2, gamma=0.001; total time= 1.7min
[CV] END ............C=100, coef0=0.0, degree=4, gamma=0.001; total time= 3.6min
[CV] END ..............C=100, coef0=0.5, degree=2, gamma=0.1; total time=  20.2s
[CV] END ............C=100, coef0=0.5, degree=2, gamma=0.001; total time=  33.2s
[CV] END ..............C=100, coef0=0.5, degree=3, gamma=0.1; total time=  13.7s
[CV] END ............C=100, coef0=0.5, degree=3, gamma=0.001; total time=  32.9s
[CV] END .............C=100, coef0=0.5, degree=4, gamma=0.01; total time=  16.0s
[CV] END .............C=100, coef0=0.5, degree=5, gamma=auto; total time=  14.3s
[CV] END ..............C=100, coef0=0.5, degree=5, gamma=0.1; total time=  16.4s
[CV] END .............C=100, coef0=1.0, degree=2, gamma=auto; total time=  15.9s
[CV] END ..............C=100, coef0=1.0, degree=2, gamma=0.1; total time=  20.8s
[CV] END .............C=100, coef0=1.0, degree=3, gamma=auto; total time=  12.4s
[CV] END ............C=100, coef0=1.0, degree=3, gamma=0.001; total time=  23.5s
[CV] END .............C=100, coef0=1.0, degree=4, gamma=0.01; total time=  13.9s
[CV] END .............C=100, coef0=1.0, degree=5, gamma=auto; total time=  12.4s
[CV] END ............C=100, coef0=1.0, degree=5, gamma=0.001; total time=  19.6s
[CV] END ..............C=0.1, coef0=0.0, degree=2, gamma=0.1; total time=  41.5s
[CV] END .............C=0.1, coef0=0.0, degree=2, gamma=0.01; total time= 3.0min
[CV] END .............C=0.1, coef0=0.0, degree=3, gamma=0.01; total time= 3.3min
[CV] END ..............C=0.1, coef0=0.0, degree=4, gamma=0.1; total time=  38.6s
[CV] END ............C=0.1, coef0=0.0, degree=4, gamma=0.001; total time= 4.0min
[CV] END .............C=0.1, coef0=0.0, degree=5, gamma=0.01; total time= 3.9min
[CV] END .............C=0.1, coef0=0.5, degree=3, gamma=auto; total time=  45.4s
[CV] END .............C=0.1, coef0=0.5, degree=3, gamma=0.01; total time= 1.4min
[CV] END .............C=0.1, coef0=0.5, degree=4, gamma=auto; total time=  52.3s
[CV] END ............C=0.1, coef0=0.5, degree=4, gamma=0.001; total time= 3.4min
[CV] END .............C=0.1, coef0=1.0, degree=2, gamma=auto; total time=  52.6s
[CV] END ............C=0.1, coef0=1.0, degree=3, gamma=scale; total time=  32.5s
[CV] END ............C=0.1, coef0=1.0, degree=3, gamma=scale; total time=  36.1s
[CV] END ..............C=0.1, coef0=1.0, degree=3, gamma=0.1; total time=  29.1s
[CV] END ............C=0.1, coef0=1.0, degree=4, gamma=scale; total time=  29.0s
[CV] END ............C=0.1, coef0=1.0, degree=4, gamma=scale; total time=  26.2s
[CV] END .............C=0.1, coef0=1.0, degree=4, gamma=0.01; total time=  53.9s
[CV] END ............C=0.1, coef0=1.0, degree=5, gamma=scale; total time=  21.8s
[CV] END ..............C=0.1, coef0=1.0, degree=5, gamma=0.1; total time=  15.4s
[CV] END ..............C=1, coef0=0.0, degree=2, gamma=scale; total time=  35.7s
[CV] END ...............C=1, coef0=0.0, degree=2, gamma=auto; total time=  35.6s
[CV] END ...............C=1, coef0=0.0, degree=2, gamma=0.01; total time= 1.6min
[CV] END ...............C=1, coef0=0.0, degree=3, gamma=0.01; total time= 2.4min
[CV] END ...............C=1, coef0=0.0, degree=4, gamma=auto; total time=  53.0s
[CV] END ..............C=1, coef0=0.0, degree=4, gamma=0.001; total time= 3.6min
[CV] END ..............C=1, coef0=0.5, degree=2, gamma=scale; total time=  28.6s
[CV] END ...............C=1, coef0=0.5, degree=2, gamma=auto; total time=  23.0s
[CV] END ...............C=1, coef0=0.5, degree=2, gamma=0.01; total time=  39.1s
[CV] END ..............C=1, coef0=0.5, degree=2, gamma=0.001; total time= 1.6min
[CV] END ..............C=1, coef0=0.5, degree=3, gamma=0.001; total time= 1.5min
[CV] END ...............C=1, coef0=0.5, degree=5, gamma=auto; total time=  20.1s
[CV] END ..............C=1, coef0=0.5, degree=5, gamma=0.001; total time= 1.9min
[CV] END ................C=1, coef0=1.0, degree=3, gamma=0.1; total time=  16.1s
[CV] END ..............C=1, coef0=1.0, degree=3, gamma=0.001; total time= 1.4min
[CV] END ...............C=1, coef0=1.0, degree=5, gamma=0.01; total time=  23.7s
[CV] END ..............C=10, coef0=0.0, degree=2, gamma=auto; total time=  27.6s
[CV] END .............C=10, coef0=0.0, degree=2, gamma=0.001; total time= 3.0min
[CV] END .............C=10, coef0=0.0, degree=4, gamma=0.001; total time= 3.7min
[CV] END ...............C=10, coef0=0.5, degree=2, gamma=0.1; total time=  16.7s
[CV] END .............C=10, coef0=0.5, degree=2, gamma=0.001; total time=  45.7s
[CV] END .............C=10, coef0=0.5, degree=3, gamma=scale; total time=  17.1s
[CV] END ...............C=10, coef0=0.5, degree=3, gamma=0.1; total time=  17.1s
[CV] END .............C=10, coef0=0.5, degree=3, gamma=0.001; total time=  54.9s
[CV] END .............C=10, coef0=0.5, degree=5, gamma=scale; total time=  14.4s
[CV] END ...............C=10, coef0=0.5, degree=5, gamma=0.1; total time=  14.6s
[CV] END .............C=10, coef0=0.5, degree=5, gamma=0.001; total time= 1.0min
[CV] END ..............C=10, coef0=1.0, degree=3, gamma=auto; total time=  13.3s
[CV] END .............C=10, coef0=1.0, degree=3, gamma=0.001; total time=  33.7s
[CV] END .............C=10, coef0=1.0, degree=4, gamma=0.001; total time=  32.1s
[CV] END .............C=10, coef0=1.0, degree=5, gamma=0.001; total time=  30.0s
[CV] END ............C=100, coef0=0.0, degree=2, gamma=0.001; total time= 1.5min
[CV] END .............C=100, coef0=0.0, degree=4, gamma=0.01; total time= 1.3min
[CV] END .............C=100, coef0=0.0, degree=5, gamma=auto; total time=  20.5s
[CV] END .............C=100, coef0=0.0, degree=5, gamma=auto; total time=  23.5s
[CV] END .............C=100, coef0=0.0, degree=5, gamma=0.01; total time= 2.1min
[CV] END .............C=100, coef0=0.5, degree=2, gamma=0.01; total time=  18.9s
[CV] END .............C=100, coef0=0.5, degree=3, gamma=auto; total time=  15.7s
[CV] END ..............C=100, coef0=0.5, degree=3, gamma=0.1; total time=  14.1s
[CV] END ............C=100, coef0=0.5, degree=3, gamma=0.001; total time=  31.5s
[CV] END .............C=100, coef0=0.5, degree=4, gamma=0.01; total time=  15.2s
[CV] END ............C=100, coef0=0.5, degree=5, gamma=scale; total time=  16.1s
[CV] END ..............C=100, coef0=0.5, degree=5, gamma=0.1; total time=  18.0s
[CV] END .............C=100, coef0=1.0, degree=2, gamma=auto; total time=  16.4s
[CV] END ..............C=100, coef0=1.0, degree=2, gamma=0.1; total time=  19.8s
[CV] END .............C=100, coef0=1.0, degree=3, gamma=auto; total time=  13.8s
[CV] END ............C=100, coef0=1.0, degree=3, gamma=0.001; total time=  28.1s
[CV] END ............C=100, coef0=1.0, degree=4, gamma=0.001; total time=  22.1s
[CV] END ............C=100, coef0=1.0, degree=5, gamma=0.001; total time=  19.1s
[CV] END .............C=0.1, coef0=0.0, degree=2, gamma=auto; total time= 1.4min
[CV] END ............C=0.1, coef0=0.0, degree=3, gamma=scale; total time= 1.9min
[CV] END ..............C=0.1, coef0=0.0, degree=3, gamma=0.1; total time=  31.3s
[CV] END .............C=0.1, coef0=0.0, degree=3, gamma=0.01; total time= 3.5min
[CV] END ..............C=0.1, coef0=0.0, degree=4, gamma=0.1; total time=  36.3s
[CV] END ............C=0.1, coef0=0.0, degree=4, gamma=0.001; total time= 3.9min
[CV] END .............C=0.1, coef0=0.0, degree=5, gamma=0.01; total time= 3.7min
[CV] END ............C=0.1, coef0=0.5, degree=3, gamma=scale; total time=  48.9s
[CV] END ..............C=0.1, coef0=0.5, degree=3, gamma=0.1; total time=  24.9s
[CV] END ............C=0.1, coef0=0.5, degree=4, gamma=scale; total time=  40.3s
[CV] END ............C=0.1, coef0=0.5, degree=4, gamma=scale; total time=  47.2s
[CV] END ..............C=0.1, coef0=0.5, degree=4, gamma=0.1; total time=  20.8s
[CV] END ............C=0.1, coef0=0.5, degree=4, gamma=0.001; total time= 3.4min
[CV] END .............C=0.1, coef0=1.0, degree=2, gamma=auto; total time=  47.3s
[CV] END ............C=0.1, coef0=1.0, degree=2, gamma=0.001; total time= 2.3min
[CV] END .............C=0.1, coef0=1.0, degree=4, gamma=auto; total time=  26.3s
[CV] END .............C=0.1, coef0=1.0, degree=4, gamma=0.01; total time=  51.7s
[CV] END .............C=0.1, coef0=1.0, degree=5, gamma=auto; total time=  23.0s
[CV] END .............C=0.1, coef0=1.0, degree=5, gamma=0.01; total time=  55.0s
[CV] END ...............C=1, coef0=0.0, degree=2, gamma=auto; total time=  35.3s
[CV] END ...............C=1, coef0=0.0, degree=2, gamma=0.01; total time= 1.8min
[CV] END ..............C=1, coef0=0.0, degree=3, gamma=0.001; total time= 3.9min
[CV] END ..............C=1, coef0=0.0, degree=5, gamma=scale; total time= 1.3min
[CV] END ................C=1, coef0=0.0, degree=5, gamma=0.1; total time=  20.5s
[CV] END ................C=1, coef0=0.0, degree=5, gamma=0.1; total time=  21.4s
[CV] END ..............C=1, coef0=0.0, degree=5, gamma=0.001; total time= 3.8min
[CV] END ..............C=1, coef0=0.5, degree=4, gamma=scale; total time=  19.5s
[CV] END ................C=1, coef0=0.5, degree=4, gamma=0.1; total time=  14.8s
[CV] END ...............C=1, coef0=0.5, degree=4, gamma=0.01; total time=  53.8s
[CV] END ................C=1, coef0=0.5, degree=5, gamma=0.1; total time=  14.2s
[CV] END ..............C=1, coef0=0.5, degree=5, gamma=0.001; total time= 1.9min
[CV] END ...............C=1, coef0=1.0, degree=3, gamma=auto; total time=  18.1s
[CV] END ...............C=1, coef0=1.0, degree=3, gamma=0.01; total time=  30.0s
[CV] END ................C=1, coef0=1.0, degree=4, gamma=0.1; total time=  16.5s
[CV] END ..............C=1, coef0=1.0, degree=4, gamma=0.001; total time= 1.0min
[CV] END ..............C=10, coef0=0.0, degree=2, gamma=auto; total time=  20.7s
[CV] END ..............C=10, coef0=0.0, degree=2, gamma=0.01; total time=  39.1s
[CV] END ...............C=10, coef0=0.0, degree=3, gamma=0.1; total time=  15.1s
[CV] END ..............C=10, coef0=0.0, degree=3, gamma=0.01; total time= 1.2min
[CV] END ..............C=10, coef0=0.0, degree=4, gamma=auto; total time=  27.3s
[CV] END ...............C=10, coef0=0.0, degree=4, gamma=0.1; total time=  18.0s
[CV] END .............C=10, coef0=0.0, degree=4, gamma=0.001; total time= 3.5min
[CV] END ..............C=10, coef0=0.5, degree=2, gamma=auto; total time=  24.5s
[CV] END ...............C=10, coef0=0.5, degree=2, gamma=0.1; total time=  13.7s
[CV] END ..............C=10, coef0=0.5, degree=2, gamma=0.01; total time=  22.5s
[CV] END .............C=10, coef0=0.5, degree=3, gamma=scale; total time=  20.9s
[CV] END .............C=10, coef0=0.5, degree=3, gamma=scale; total time=  22.1s
[CV] END ..............C=10, coef0=0.5, degree=3, gamma=auto; total time=  15.0s
[CV] END .............C=10, coef0=0.5, degree=3, gamma=0.001; total time=  57.8s
[CV] END .............C=10, coef0=0.5, degree=4, gamma=0.001; total time=  50.2s
[CV] END ..............C=10, coef0=1.0, degree=2, gamma=auto; total time=  15.2s
[CV] END ..............C=10, coef0=1.0, degree=2, gamma=0.01; total time=  21.3s
[CV] END .............C=10, coef0=1.0, degree=3, gamma=scale; total time=  13.5s
[CV] END ...............C=10, coef0=1.0, degree=3, gamma=0.1; total time=  12.4s
[CV] END .............C=10, coef0=1.0, degree=4, gamma=scale; total time=  13.4s
[CV] END ...............C=10, coef0=1.0, degree=4, gamma=0.1; total time=  16.1s
[CV] END .............C=10, coef0=1.0, degree=5, gamma=scale; total time=  12.8s
[CV] END ...............C=10, coef0=1.0, degree=5, gamma=0.1; total time=  23.0s
[CV] END .............C=100, coef0=0.0, degree=2, gamma=auto; total time=  34.4s
[CV] END ............C=100, coef0=0.0, degree=3, gamma=scale; total time=  16.4s
[CV] END ..............C=100, coef0=0.0, degree=3, gamma=0.1; total time=  15.2s
[CV] END ............C=100, coef0=0.0, degree=3, gamma=0.001; total time= 3.3min
[CV] END ............C=100, coef0=0.5, degree=2, gamma=scale; total time=  14.7s
[CV] END ............C=100, coef0=0.5, degree=2, gamma=scale; total time=  15.0s
[CV] END ............C=100, coef0=0.5, degree=2, gamma=scale; total time=  17.3s
[CV] END .............C=100, coef0=0.5, degree=2, gamma=auto; total time=  14.6s
[CV] END .............C=100, coef0=0.5, degree=2, gamma=auto; total time=  17.6s
[CV] END .............C=100, coef0=0.5, degree=2, gamma=auto; total time=  16.6s
[CV] END .............C=100, coef0=0.5, degree=2, gamma=0.01; total time=  16.2s
[CV] END ............C=100, coef0=0.5, degree=3, gamma=scale; total time=  13.8s
[CV] END .............C=100, coef0=0.5, degree=3, gamma=auto; total time=  13.0s
[CV] END .............C=100, coef0=0.5, degree=3, gamma=0.01; total time=  15.5s
[CV] END .............C=100, coef0=0.5, degree=4, gamma=auto; total time=  13.5s
[CV] END ..............C=100, coef0=0.5, degree=4, gamma=0.1; total time=  14.3s
[CV] END ............C=100, coef0=0.5, degree=4, gamma=0.001; total time=  29.5s
[CV] END .............C=100, coef0=0.5, degree=5, gamma=0.01; total time=  15.1s
[CV] END ............C=100, coef0=1.0, degree=2, gamma=scale; total time=  20.6s
[CV] END .............C=100, coef0=1.0, degree=2, gamma=0.01; total time=  16.1s
[CV] END .............C=100, coef0=1.0, degree=3, gamma=auto; total time=  12.6s
[CV] END ............C=100, coef0=1.0, degree=3, gamma=0.001; total time=  24.6s
[CV] END .............C=100, coef0=1.0, degree=4, gamma=0.01; total time=  23.4s
[CV] END .............C=100, coef0=1.0, degree=5, gamma=0.01; total time=  17.5s
[CV] END ............C=0.1, coef0=0.0, degree=2, gamma=scale; total time= 1.5min
[CV] END .............C=0.1, coef0=0.0, degree=3, gamma=auto; total time= 1.5min
[CV] END .............C=0.1, coef0=0.0, degree=3, gamma=auto; total time= 1.7min
[CV] END ............C=0.1, coef0=0.0, degree=4, gamma=scale; total time= 2.3min
[CV] END .............C=0.1, coef0=0.0, degree=4, gamma=auto; total time= 2.3min
[CV] END .............C=0.1, coef0=0.0, degree=5, gamma=auto; total time= 2.4min
[CV] END ............C=0.1, coef0=0.0, degree=5, gamma=0.001; total time= 3.7min
[CV] END ............C=0.1, coef0=0.5, degree=3, gamma=scale; total time=  47.2s
[CV] END .............C=0.1, coef0=0.5, degree=3, gamma=0.01; total time= 1.6min
[CV] END .............C=0.1, coef0=0.5, degree=4, gamma=auto; total time=  41.3s
[CV] END ............C=0.1, coef0=0.5, degree=4, gamma=0.001; total time= 3.5min
[CV] END ..............C=0.1, coef0=1.0, degree=2, gamma=0.1; total time=  27.6s
[CV] END .............C=0.1, coef0=1.0, degree=2, gamma=0.01; total time= 1.3min
[CV] END .............C=0.1, coef0=1.0, degree=3, gamma=auto; total time=  36.7s
[CV] END ............C=0.1, coef0=1.0, degree=3, gamma=0.001; total time= 2.0min
[CV] END ..............C=0.1, coef0=1.0, degree=5, gamma=0.1; total time=  15.4s
[CV] END .............C=0.1, coef0=1.0, degree=5, gamma=0.01; total time=  44.3s
[CV] END ..............C=1, coef0=0.0, degree=2, gamma=scale; total time=  35.8s
[CV] END ................C=1, coef0=0.0, degree=2, gamma=0.1; total time=  23.0s
[CV] END ..............C=1, coef0=0.0, degree=2, gamma=0.001; total time= 3.4min
[CV] END ..............C=1, coef0=0.0, degree=4, gamma=scale; total time=  55.3s
[CV] END ..............C=1, coef0=0.0, degree=4, gamma=0.001; total time= 3.8min
[CV] END ..............C=1, coef0=0.5, degree=2, gamma=scale; total time=  24.4s
[CV] END ................C=1, coef0=0.5, degree=2, gamma=0.1; total time=  17.9s
[CV] END ...............C=1, coef0=0.5, degree=2, gamma=0.01; total time=  41.4s
[CV] END ..............C=1, coef0=0.5, degree=2, gamma=0.001; total time= 1.5min
[CV] END ..............C=1, coef0=0.5, degree=3, gamma=0.001; total time= 1.5min
[CV] END ...............C=1, coef0=0.5, degree=5, gamma=auto; total time=  20.6s
[CV] END ...............C=1, coef0=0.5, degree=5, gamma=0.01; total time=  46.2s
[CV] END ...............C=1, coef0=1.0, degree=2, gamma=auto; total time=  22.5s
[CV] END ...............C=1, coef0=1.0, degree=2, gamma=0.01; total time=  34.1s
[CV] END ..............C=1, coef0=1.0, degree=3, gamma=scale; total time=  18.1s
[CV] END ................C=1, coef0=1.0, degree=3, gamma=0.1; total time=  14.1s
[CV] END ..............C=1, coef0=1.0, degree=3, gamma=0.001; total time= 1.0min
[CV] END ..............C=1, coef0=1.0, degree=5, gamma=scale; total time=  16.3s
[CV] END ................C=1, coef0=1.0, degree=5, gamma=0.1; total time=  14.9s
[CV] END .............C=10, coef0=0.0, degree=2, gamma=scale; total time=  23.4s
[CV] END ...............C=10, coef0=0.0, degree=2, gamma=0.1; total time=  20.4s
[CV] END .............C=10, coef0=0.0, degree=2, gamma=0.001; total time= 3.1min
[CV] END .............C=10, coef0=0.0, degree=5, gamma=scale; total time=  34.7s
[CV] END .............C=10, coef0=0.0, degree=5, gamma=scale; total time=  49.1s
[CV] END ..............C=10, coef0=0.0, degree=5, gamma=auto; total time=  37.6s
[CV] END ..............C=10, coef0=0.0, degree=5, gamma=0.01; total time= 2.7min
[CV] END ..............C=10, coef0=0.5, degree=3, gamma=auto; total time=  14.6s
[CV] END ..............C=10, coef0=0.5, degree=3, gamma=0.01; total time=  23.6s
[CV] END .............C=10, coef0=0.5, degree=4, gamma=scale; total time=  15.2s
[CV] END ...............C=10, coef0=0.5, degree=4, gamma=0.1; total time=  15.5s
[CV] END .............C=10, coef0=0.5, degree=4, gamma=0.001; total time=  52.8s
[CV] END .............C=10, coef0=1.0, degree=2, gamma=scale; total time=  15.6s
[CV] END ...............C=10, coef0=1.0, degree=2, gamma=0.1; total time=  13.9s
[CV] END .............C=10, coef0=1.0, degree=2, gamma=0.001; total time=  39.4s
[CV] END .............C=10, coef0=1.0, degree=4, gamma=scale; total time=  15.7s
[CV] END ...............C=10, coef0=1.0, degree=4, gamma=0.1; total time=  13.5s
[CV] END .............C=10, coef0=1.0, degree=5, gamma=scale; total time=  14.3s
[CV] END ...............C=10, coef0=1.0, degree=5, gamma=0.1; total time=  14.3s
[CV] END .............C=10, coef0=1.0, degree=5, gamma=0.001; total time=  30.6s
[CV] END ............C=100, coef0=0.0, degree=2, gamma=0.001; total time= 1.5min
[CV] END .............C=100, coef0=0.0, degree=4, gamma=0.01; total time= 1.7min
[CV] END ..............C=100, coef0=0.0, degree=5, gamma=0.1; total time=  17.9s
[CV] END ............C=100, coef0=0.0, degree=5, gamma=0.001; total time= 3.8min
[CV] END .............C=100, coef0=0.5, degree=5, gamma=auto; total time=  14.3s
[CV] END ............C=100, coef0=0.5, degree=5, gamma=0.001; total time=  32.7s
[CV] END ............C=100, coef0=1.0, degree=3, gamma=scale; total time=  22.1s
[CV] END ..............C=100, coef0=1.0, degree=3, gamma=0.1; total time=  20.8s
[CV] END .............C=100, coef0=1.0, degree=4, gamma=auto; total time=  13.3s
[CV] END ............C=100, coef0=1.0, degree=4, gamma=0.001; total time=  22.4s
[CV] END ............C=100, coef0=1.0, degree=5, gamma=0.001; total time=  19.0s
python3: can't open file '/home/scuser/Proyecto-TFM-MYO-Home-Assistant/Clasificacion_16/Clasificador_comparatica_gestos.py': [Errno 2] No such file or directory
python3: can't open file '/home/scuser/Proyecto-TFM-MYO-Home-Assistant/Clasificacion_16/Clasificador_comparatica_gestos.py': [Errno 2] No such file or directory
