nohup: no se tendrá en cuenta la entrada
/home/scuser/Proyecto-TFM-MYO-Home-Assistant/Preprocesado/datos_procesados/Todos/Datos_Limpios.xlsx
Datos captados
Comienza el training
Fitting 3 folds for each of 240 candidates, totalling 720 fits
/home/scuser/entorno/lib/python3.11/site-packages/sklearn/metrics/_classification.py:1517: UndefinedMetricWarning: Precision is ill-defined and being set to 0.0 in labels with no predicted samples. Use `zero_division` parameter to control this behavior.
  _warn_prf(average, modifier, f"{metric.capitalize()} is", len(result))
/home/scuser/entorno/lib/python3.11/site-packages/sklearn/metrics/_classification.py:1517: UndefinedMetricWarning: Precision is ill-defined and being set to 0.0 in labels with no predicted samples. Use `zero_division` parameter to control this behavior.
  _warn_prf(average, modifier, f"{metric.capitalize()} is", len(result))
/home/scuser/entorno/lib/python3.11/site-packages/sklearn/metrics/_classification.py:1517: UndefinedMetricWarning: Precision is ill-defined and being set to 0.0 in labels with no predicted samples. Use `zero_division` parameter to control this behavior.
  _warn_prf(average, modifier, f"{metric.capitalize()} is", len(result))
Accuracy: 0.2619934120930357
Classification poly  Report:
                 precision    recall  f1-score   support

        ARRIBA       0.50      0.90      0.64     11867
  CRUZAR_DEDOS       0.18      0.59      0.27      5948
        CUATRO       0.29      0.44      0.35     11841
           DOS       0.23      0.20      0.22     11928
FINGERS_SPREAD       0.15      0.06      0.08     12242
          FIST       0.00      0.00      0.00     11922
       GIRO_IN       0.22      0.12      0.15     12092
      GIRO_OUT       0.25      0.40      0.31     11974
          REST       0.26      0.30      0.28     11884
          TRES       0.00      0.00      0.00     12127
           UNO       0.00      0.00      0.00     11940
       WAVE_IN       0.19      0.48      0.27     11323
      WAVE_OUT       0.34      0.10      0.15     11973

      accuracy                           0.26    149061
     macro avg       0.20      0.28      0.21    149061
  weighted avg       0.20      0.26      0.21    149061

Best Parameters: {'C': 1, 'coef0': 1.0, 'degree': 5, 'gamma': 0.1}
[CV] END ............C=0.1, coef0=0.0, degree=2, gamma=scale; total time= 1.0min
[CV] END ............C=0.1, coef0=0.0, degree=2, gamma=0.001; total time= 3.4min
[CV] END .............C=0.1, coef0=0.0, degree=4, gamma=auto; total time= 1.7min
[CV] END ..............C=0.1, coef0=0.0, degree=4, gamma=0.1; total time=  43.8s
[CV] END ............C=0.1, coef0=0.0, degree=4, gamma=0.001; total time= 3.4min
[CV] END ............C=0.1, coef0=0.0, degree=5, gamma=0.001; total time= 3.3min
[CV] END .............C=0.1, coef0=0.5, degree=3, gamma=auto; total time=  37.1s
[CV] END ............C=0.1, coef0=0.5, degree=3, gamma=0.001; total time= 3.1min
[CV] END .............C=0.1, coef0=0.5, degree=5, gamma=auto; total time=  31.7s
[CV] END .............C=0.1, coef0=0.5, degree=5, gamma=0.01; total time= 1.9min
[CV] END .............C=0.1, coef0=1.0, degree=2, gamma=0.01; total time= 1.1min
[CV] END ............C=0.1, coef0=1.0, degree=3, gamma=scale; total time=  27.6s
[CV] END ..............C=0.1, coef0=1.0, degree=3, gamma=0.1; total time=  22.3s
[CV] END ............C=0.1, coef0=1.0, degree=4, gamma=scale; total time=  29.7s
[CV] END ............C=0.1, coef0=1.0, degree=4, gamma=scale; total time=  28.7s
[CV] END ..............C=0.1, coef0=1.0, degree=4, gamma=0.1; total time=  16.3s
[CV] END ............C=0.1, coef0=1.0, degree=4, gamma=0.001; total time= 2.0min
[CV] END ................C=1, coef0=0.0, degree=2, gamma=0.1; total time=  23.4s
[CV] END ...............C=1, coef0=0.0, degree=2, gamma=0.01; total time= 1.6min
[CV] END ..............C=1, coef0=0.0, degree=3, gamma=0.001; total time= 3.3min
[CV] END ...............C=1, coef0=0.0, degree=5, gamma=auto; total time=  51.0s
[CV] END ................C=1, coef0=0.0, degree=5, gamma=0.1; total time=  22.5s
[CV] END ................C=1, coef0=0.0, degree=5, gamma=0.1; total time=  23.9s
[CV] END ..............C=1, coef0=0.0, degree=5, gamma=0.001; total time= 3.6min
[CV] END ..............C=1, coef0=0.5, degree=4, gamma=scale; total time=  19.1s
[CV] END ...............C=1, coef0=0.5, degree=4, gamma=auto; total time=  18.0s
[CV] END ...............C=1, coef0=0.5, degree=4, gamma=0.01; total time=  49.9s
[CV] END ...............C=1, coef0=0.5, degree=5, gamma=auto; total time=  17.0s
[CV] END ..............C=1, coef0=0.5, degree=5, gamma=0.001; total time= 2.0min
[CV] END ................C=1, coef0=1.0, degree=3, gamma=0.1; total time=  16.5s
[CV] END ..............C=1, coef0=1.0, degree=3, gamma=0.001; total time=  56.9s
[CV] END ...............C=1, coef0=1.0, degree=5, gamma=auto; total time=  12.6s
[CV] END ................C=1, coef0=1.0, degree=5, gamma=0.1; total time=  13.2s
[CV] END .............C=10, coef0=0.0, degree=2, gamma=scale; total time=  19.7s
[CV] END ...............C=10, coef0=0.0, degree=2, gamma=0.1; total time=  16.6s
[CV] END .............C=10, coef0=0.0, degree=2, gamma=0.001; total time= 2.7min
[CV] END ..............C=10, coef0=0.0, degree=4, gamma=0.01; total time= 2.2min
[CV] END .............C=10, coef0=0.0, degree=5, gamma=0.001; total time= 3.0min
[CV] END .............C=10, coef0=0.5, degree=4, gamma=scale; total time=  16.0s
[CV] END ..............C=10, coef0=0.5, degree=4, gamma=auto; total time=  16.5s
[CV] END .............C=10, coef0=0.5, degree=5, gamma=scale; total time=  18.2s
[CV] END ...............C=10, coef0=0.5, degree=5, gamma=0.1; total time=  13.4s
[CV] END .............C=10, coef0=0.5, degree=5, gamma=0.001; total time=  56.3s
[CV] END ..............C=10, coef0=1.0, degree=3, gamma=auto; total time=  12.5s
[CV] END ..............C=10, coef0=1.0, degree=3, gamma=0.01; total time=  22.2s
[CV] END ...............C=10, coef0=1.0, degree=4, gamma=0.1; total time=  16.7s
[CV] END .............C=10, coef0=1.0, degree=5, gamma=scale; total time=  14.2s
[CV] END ...............C=10, coef0=1.0, degree=5, gamma=0.1; total time=  21.3s
[CV] END .............C=100, coef0=0.0, degree=2, gamma=auto; total time=  18.8s
[CV] END .............C=100, coef0=0.0, degree=2, gamma=0.01; total time=  28.1s
[CV] END ..............C=100, coef0=0.0, degree=3, gamma=0.1; total time=  17.0s
[CV] END ............C=100, coef0=0.0, degree=4, gamma=scale; total time=  15.3s
[CV] END ............C=100, coef0=0.0, degree=4, gamma=scale; total time=  15.7s
[CV] END .............C=100, coef0=0.0, degree=4, gamma=auto; total time=  15.4s
[CV] END ..............C=100, coef0=0.0, degree=4, gamma=0.1; total time=  15.7s
[CV] END ............C=100, coef0=0.0, degree=4, gamma=0.001; total time= 2.9min
[CV] END .............C=100, coef0=0.5, degree=2, gamma=auto; total time=  15.1s
[CV] END ..............C=100, coef0=0.5, degree=2, gamma=0.1; total time=  20.5s
[CV] END .............C=100, coef0=0.5, degree=2, gamma=0.01; total time=  16.2s
[CV] END ............C=100, coef0=0.5, degree=3, gamma=scale; total time=  11.9s
[CV] END .............C=100, coef0=0.5, degree=3, gamma=auto; total time=  12.3s
[CV] END ..............C=100, coef0=0.5, degree=3, gamma=0.1; total time=  13.6s
[CV] END ............C=100, coef0=0.5, degree=3, gamma=0.001; total time=  30.0s
[CV] END .............C=100, coef0=0.5, degree=4, gamma=0.01; total time=  14.6s
[CV] END .............C=100, coef0=0.5, degree=5, gamma=auto; total time=  11.9s
[CV] END ............C=100, coef0=0.5, degree=5, gamma=0.001; total time=  31.8s
[CV] END .............C=100, coef0=1.0, degree=2, gamma=0.01; total time=  17.7s
[CV] END .............C=100, coef0=1.0, degree=3, gamma=auto; total time=  18.4s
[CV] END ............C=100, coef0=1.0, degree=4, gamma=scale; total time=  12.4s
[CV] END ..............C=100, coef0=1.0, degree=4, gamma=0.1; total time=  12.9s
[CV] END ............C=100, coef0=1.0, degree=5, gamma=scale; total time=  12.3s
[CV] END ..............C=100, coef0=1.0, degree=5, gamma=0.1; total time=  13.0s
[CV] END ..............C=0.1, coef0=0.0, degree=2, gamma=0.1; total time=  47.8s
[CV] END ............C=0.1, coef0=0.0, degree=2, gamma=0.001; total time= 3.6min
[CV] END ............C=0.1, coef0=0.0, degree=4, gamma=scale; total time= 1.5min
[CV] END ..............C=0.1, coef0=0.0, degree=4, gamma=0.1; total time=  44.1s
[CV] END .............C=0.1, coef0=0.0, degree=4, gamma=0.01; total time= 3.3min
[CV] END .............C=0.1, coef0=0.0, degree=5, gamma=0.01; total time= 3.4min
[CV] END ............C=0.1, coef0=0.5, degree=2, gamma=0.001; total time= 2.6min
[CV] END .............C=0.1, coef0=0.5, degree=4, gamma=0.01; total time= 1.8min
[CV] END ..............C=0.1, coef0=0.5, degree=5, gamma=0.1; total time=  21.6s
[CV] END ............C=0.1, coef0=0.5, degree=5, gamma=0.001; total time= 3.3min
[CV] END .............C=0.1, coef0=1.0, degree=3, gamma=0.01; total time=  57.7s
[CV] END ............C=0.1, coef0=1.0, degree=4, gamma=scale; total time=  31.3s
[CV] END .............C=0.1, coef0=1.0, degree=4, gamma=0.01; total time=  54.0s
[CV] END .............C=0.1, coef0=1.0, degree=5, gamma=auto; total time=  18.9s
[CV] END .............C=0.1, coef0=1.0, degree=5, gamma=0.01; total time=  48.0s
[CV] END ...............C=1, coef0=0.0, degree=2, gamma=auto; total time=  34.6s
[CV] END ..............C=1, coef0=0.0, degree=2, gamma=0.001; total time= 3.1min
[CV] END ..............C=1, coef0=0.0, degree=4, gamma=scale; total time=  44.3s
[CV] END ................C=1, coef0=0.0, degree=4, gamma=0.1; total time=  20.3s
[CV] END ..............C=1, coef0=0.0, degree=4, gamma=0.001; total time= 3.1min
[CV] END ..............C=1, coef0=0.5, degree=2, gamma=scale; total time=  20.7s
[CV] END ...............C=1, coef0=0.5, degree=2, gamma=auto; total time=  20.7s
[CV] END ................C=1, coef0=0.5, degree=2, gamma=0.1; total time=  16.6s
[CV] END ..............C=1, coef0=0.5, degree=2, gamma=0.001; total time= 1.3min
[CV] END ................C=1, coef0=0.5, degree=3, gamma=0.1; total time=  14.0s
[CV] END ...............C=1, coef0=0.5, degree=3, gamma=0.01; total time=  47.8s
[CV] END ................C=1, coef0=0.5, degree=4, gamma=0.1; total time=  15.6s
[CV] END ..............C=1, coef0=0.5, degree=5, gamma=scale; total time=  19.6s
[CV] END ..............C=1, coef0=0.5, degree=5, gamma=scale; total time=  19.7s
[CV] END ................C=1, coef0=0.5, degree=5, gamma=0.1; total time=  13.5s
[CV] END ...............C=1, coef0=0.5, degree=5, gamma=0.01; total time=  49.1s
[CV] END ...............C=1, coef0=1.0, degree=2, gamma=auto; total time=  19.9s
[CV] END ..............C=1, coef0=1.0, degree=2, gamma=0.001; total time= 1.1min
[CV] END ..............C=1, coef0=1.0, degree=3, gamma=0.001; total time= 1.1min
[CV] END ................C=1, coef0=1.0, degree=5, gamma=0.1; total time=  12.1s
[CV] END ..............C=1, coef0=1.0, degree=5, gamma=0.001; total time=  59.5s
[CV] END ..............C=10, coef0=0.0, degree=3, gamma=auto; total time=  16.7s
[CV] END ..............C=10, coef0=0.0, degree=3, gamma=auto; total time=  16.0s
[CV] END .............C=10, coef0=0.0, degree=3, gamma=0.001; total time= 3.2min
[CV] END ..............C=10, coef0=0.0, degree=5, gamma=auto; total time=  25.0s
[CV] END ...............C=10, coef0=0.0, degree=5, gamma=0.1; total time=  15.4s
[CV] END ..............C=10, coef0=0.0, degree=5, gamma=0.01; total time= 2.9min
[CV] END ..............C=10, coef0=0.5, degree=3, gamma=0.01; total time=  31.4s
[CV] END ...............C=10, coef0=0.5, degree=4, gamma=0.1; total time=  12.5s
[CV] END .............C=10, coef0=0.5, degree=4, gamma=0.001; total time=  53.7s
[CV] END ..............C=10, coef0=1.0, degree=2, gamma=auto; total time=  14.4s
[CV] END ..............C=10, coef0=1.0, degree=2, gamma=0.01; total time=  22.8s
[CV] END ..............C=10, coef0=1.0, degree=3, gamma=auto; total time=  12.1s
[CV] END ..............C=10, coef0=1.0, degree=3, gamma=0.01; total time=  18.7s
[CV] END ..............C=10, coef0=1.0, degree=4, gamma=auto; total time=  12.2s
[CV] END ..............C=10, coef0=1.0, degree=4, gamma=0.01; total time=  18.9s
[CV] END ..............C=10, coef0=1.0, degree=5, gamma=auto; total time=  11.5s
[CV] END ..............C=10, coef0=1.0, degree=5, gamma=0.01; total time=  15.9s
[CV] END .............C=100, coef0=0.0, degree=2, gamma=auto; total time=  18.3s
[CV] END .............C=100, coef0=0.0, degree=2, gamma=0.01; total time=  22.4s
[CV] END ..............C=100, coef0=0.0, degree=3, gamma=0.1; total time=  18.3s
[CV] END ............C=100, coef0=0.0, degree=3, gamma=0.001; total time= 2.9min
[CV] END ............C=100, coef0=0.0, degree=5, gamma=0.001; total time= 3.3min
[CV] END .............C=100, coef0=0.5, degree=5, gamma=auto; total time=  12.2s
[CV] END .............C=100, coef0=0.5, degree=5, gamma=0.01; total time=  16.9s
[CV] END .............C=100, coef0=1.0, degree=2, gamma=auto; total time=  20.3s
[CV] END ............C=100, coef0=1.0, degree=2, gamma=0.001; total time=  26.2s
[CV] END .............C=100, coef0=1.0, degree=3, gamma=0.01; total time=  15.6s
[CV] END ..............C=100, coef0=1.0, degree=4, gamma=0.1; total time=  12.7s
[CV] END ............C=100, coef0=1.0, degree=4, gamma=0.001; total time=  25.4s
[CV] END .............C=0.1, coef0=0.0, degree=2, gamma=auto; total time= 1.0min
[CV] END ............C=0.1, coef0=0.0, degree=2, gamma=0.001; total time= 3.3min
[CV] END ............C=0.1, coef0=0.0, degree=4, gamma=scale; total time= 1.6min
[CV] END .............C=0.1, coef0=0.0, degree=4, gamma=auto; total time= 1.8min
[CV] END .............C=0.1, coef0=0.0, degree=5, gamma=auto; total time= 1.7min
[CV] END ..............C=0.1, coef0=0.0, degree=5, gamma=0.1; total time=  48.2s
[CV] END ............C=0.1, coef0=0.0, degree=5, gamma=0.001; total time= 3.3min
[CV] END ............C=0.1, coef0=0.5, degree=3, gamma=scale; total time=  40.9s
[CV] END .............C=0.1, coef0=0.5, degree=3, gamma=0.01; total time= 1.5min
[CV] END ..............C=0.1, coef0=0.5, degree=4, gamma=0.1; total time=  20.8s
[CV] END .............C=0.1, coef0=0.5, degree=4, gamma=0.01; total time= 1.7min
[CV] END ..............C=0.1, coef0=0.5, degree=5, gamma=0.1; total time=  20.1s
[CV] END ............C=0.1, coef0=0.5, degree=5, gamma=0.001; total time= 3.1min
[CV] END .............C=0.1, coef0=1.0, degree=3, gamma=auto; total time=  29.3s
[CV] END ............C=0.1, coef0=1.0, degree=3, gamma=0.001; total time= 1.9min
[CV] END ............C=0.1, coef0=1.0, degree=5, gamma=scale; total time=  19.5s
[CV] END .............C=0.1, coef0=1.0, degree=5, gamma=0.01; total time=  55.6s
[CV] END ..............C=1, coef0=0.0, degree=2, gamma=scale; total time=  29.2s
[CV] END ................C=1, coef0=0.0, degree=2, gamma=0.1; total time=  22.0s
[CV] END ..............C=1, coef0=0.0, degree=3, gamma=scale; total time=  36.2s
[CV] END ...............C=1, coef0=0.0, degree=3, gamma=auto; total time=  28.9s
[CV] END ................C=1, coef0=0.0, degree=3, gamma=0.1; total time=  17.3s
[CV] END ..............C=1, coef0=0.0, degree=3, gamma=0.001; total time= 3.2min
[CV] END ..............C=1, coef0=0.0, degree=5, gamma=scale; total time=  55.7s
[CV] END ................C=1, coef0=0.0, degree=5, gamma=0.1; total time=  29.8s
[CV] END ...............C=1, coef0=0.0, degree=5, gamma=0.01; total time= 3.1min
[CV] END ..............C=1, coef0=0.5, degree=3, gamma=scale; total time=  18.2s
[CV] END ...............C=1, coef0=0.5, degree=3, gamma=auto; total time=  18.6s
[CV] END ...............C=1, coef0=0.5, degree=3, gamma=0.01; total time=  38.9s
[CV] END ................C=1, coef0=0.5, degree=4, gamma=0.1; total time=  19.2s
[CV] END ..............C=1, coef0=0.5, degree=4, gamma=0.001; total time= 2.0min
[CV] END ................C=1, coef0=1.0, degree=2, gamma=0.1; total time=  18.0s
[CV] END ..............C=1, coef0=1.0, degree=3, gamma=scale; total time=  16.1s
[CV] END ..............C=1, coef0=1.0, degree=3, gamma=scale; total time=  15.2s
[CV] END ...............C=1, coef0=1.0, degree=3, gamma=auto; total time=  18.3s
[CV] END ..............C=1, coef0=1.0, degree=3, gamma=0.001; total time= 1.0min
[CV] END ...............C=1, coef0=1.0, degree=5, gamma=auto; total time=  13.4s
[CV] END ...............C=1, coef0=1.0, degree=5, gamma=0.01; total time=  28.1s
[CV] END ..............C=10, coef0=0.0, degree=2, gamma=auto; total time=  21.2s
[CV] END .............C=10, coef0=0.0, degree=2, gamma=0.001; total time= 2.9min
[CV] END .............C=10, coef0=0.0, degree=5, gamma=scale; total time=  27.0s
[CV] END .............C=10, coef0=0.0, degree=5, gamma=scale; total time=  25.3s
[CV] END .............C=10, coef0=0.0, degree=5, gamma=scale; total time=  34.1s
[CV] END ..............C=10, coef0=0.0, degree=5, gamma=auto; total time=  29.1s
[CV] END ..............C=10, coef0=0.0, degree=5, gamma=0.01; total time= 2.7min
[CV] END ...............C=10, coef0=0.5, degree=3, gamma=0.1; total time=  12.2s
[CV] END .............C=10, coef0=0.5, degree=4, gamma=scale; total time=  12.9s
[CV] END .............C=10, coef0=0.5, degree=4, gamma=scale; total time=  13.0s
[CV] END ...............C=10, coef0=0.5, degree=4, gamma=0.1; total time=  12.2s
[CV] END .............C=10, coef0=0.5, degree=4, gamma=0.001; total time=  56.1s
[CV] END ...............C=10, coef0=1.0, degree=2, gamma=0.1; total time=  14.6s
[CV] END .............C=10, coef0=1.0, degree=2, gamma=0.001; total time=  50.8s
[CV] END ..............C=10, coef0=1.0, degree=4, gamma=auto; total time=  11.8s
[CV] END .............C=10, coef0=1.0, degree=4, gamma=0.001; total time=  34.2s
[CV] END ............C=100, coef0=0.0, degree=2, gamma=scale; total time=  19.3s
[CV] END ..............C=100, coef0=0.0, degree=2, gamma=0.1; total time=  27.1s
[CV] END ............C=100, coef0=0.0, degree=3, gamma=scale; total time=  16.4s
[CV] END .............C=100, coef0=0.0, degree=3, gamma=0.01; total time=  36.7s
[CV] END .............C=100, coef0=0.0, degree=4, gamma=auto; total time=  19.9s
[CV] END .............C=100, coef0=0.0, degree=4, gamma=0.01; total time= 1.6min
[CV] END .............C=100, coef0=0.0, degree=5, gamma=auto; total time=  18.0s
[CV] END .............C=100, coef0=0.0, degree=5, gamma=0.01; total time= 2.1min
[CV] END ............C=100, coef0=0.5, degree=2, gamma=0.001; total time=  30.9s
[CV] END .............C=100, coef0=0.5, degree=3, gamma=0.01; total time=  20.4s
[CV] END .............C=100, coef0=0.5, degree=4, gamma=auto; total time=  12.7s
[CV] END ..............C=100, coef0=0.5, degree=4, gamma=0.1; total time=  13.1s
[CV] END ............C=100, coef0=0.5, degree=5, gamma=scale; total time=  12.2s
[CV] END ..............C=100, coef0=0.5, degree=5, gamma=0.1; total time=  13.5s
[CV] END ............C=100, coef0=0.5, degree=5, gamma=0.001; total time=  33.1s
[CV] END ............C=100, coef0=1.0, degree=2, gamma=0.001; total time=  26.8s
[CV] END ............C=100, coef0=1.0, degree=3, gamma=0.001; total time=  23.3s
[CV] END .............C=100, coef0=1.0, degree=4, gamma=0.01; total time=  13.9s
[CV] END .............C=100, coef0=1.0, degree=5, gamma=auto; total time=  16.7s
[CV] END ..............C=0.1, coef0=0.0, degree=2, gamma=0.1; total time=  41.9s
[CV] END .............C=0.1, coef0=0.0, degree=2, gamma=0.01; total time= 3.1min
[CV] END ............C=0.1, coef0=0.0, degree=3, gamma=0.001; total time= 3.3min
[CV] END ............C=0.1, coef0=0.0, degree=5, gamma=scale; total time= 1.8min
[CV] END .............C=0.1, coef0=0.0, degree=5, gamma=auto; total time= 1.7min
[CV] END ............C=0.1, coef0=0.5, degree=2, gamma=scale; total time=  44.8s
[CV] END ..............C=0.1, coef0=0.5, degree=2, gamma=0.1; total time=  28.6s
[CV] END ..............C=0.1, coef0=0.5, degree=2, gamma=0.1; total time=  29.5s
[CV] END ............C=0.1, coef0=0.5, degree=2, gamma=0.001; total time= 2.5min
[CV] END ............C=0.1, coef0=0.5, degree=4, gamma=scale; total time=  34.0s
[CV] END .............C=0.1, coef0=0.5, degree=4, gamma=auto; total time=  31.9s
[CV] END .............C=0.1, coef0=0.5, degree=4, gamma=0.01; total time= 1.5min
[CV] END ............C=0.1, coef0=0.5, degree=5, gamma=scale; total time=  33.8s
[CV] END .............C=0.1, coef0=0.5, degree=5, gamma=0.01; total time= 1.9min
[CV] END .............C=0.1, coef0=1.0, degree=2, gamma=0.01; total time= 1.2min
[CV] END .............C=0.1, coef0=1.0, degree=3, gamma=auto; total time=  26.7s
[CV] END .............C=0.1, coef0=1.0, degree=3, gamma=0.01; total time= 1.0min
[CV] END .............C=0.1, coef0=1.0, degree=4, gamma=auto; total time=  33.9s
[CV] END ............C=0.1, coef0=1.0, degree=4, gamma=0.001; total time= 2.0min
[CV] END ................C=1, coef0=0.0, degree=2, gamma=0.1; total time=  21.9s
[CV] END ...............C=1, coef0=0.0, degree=2, gamma=0.01; total time= 1.6min
[CV] END ..............C=1, coef0=0.0, degree=3, gamma=0.001; total time= 3.0min
[CV] END ..............C=1, coef0=0.0, degree=5, gamma=scale; total time=  50.3s
[CV] END ...............C=1, coef0=0.0, degree=5, gamma=auto; total time=  52.4s
[CV] END ...............C=1, coef0=0.0, degree=5, gamma=0.01; total time= 3.3min
[CV] END ...............C=1, coef0=0.5, degree=3, gamma=auto; total time=  20.1s
[CV] END ...............C=1, coef0=0.5, degree=3, gamma=0.01; total time=  46.1s
[CV] END ...............C=1, coef0=0.5, degree=4, gamma=0.01; total time=  42.4s
[CV] END ..............C=1, coef0=0.5, degree=5, gamma=scale; total time=  25.5s
[CV] END ..............C=1, coef0=0.5, degree=5, gamma=0.001; total time= 2.0min
[CV] END ...............C=1, coef0=1.0, degree=3, gamma=0.01; total time=  31.8s
[CV] END ................C=1, coef0=1.0, degree=4, gamma=0.1; total time=  12.4s
[CV] END ...............C=1, coef0=1.0, degree=4, gamma=0.01; total time=  29.5s
[CV] END ................C=1, coef0=1.0, degree=5, gamma=0.1; total time=  12.2s
[CV] END ..............C=1, coef0=1.0, degree=5, gamma=0.001; total time=  53.6s
[CV] END .............C=10, coef0=0.0, degree=3, gamma=scale; total time=  16.9s
[CV] END ..............C=10, coef0=0.0, degree=3, gamma=auto; total time=  16.6s
[CV] END ..............C=10, coef0=0.0, degree=3, gamma=0.01; total time= 1.3min
[CV] END ..............C=10, coef0=0.0, degree=4, gamma=auto; total time=  23.4s
[CV] END ...............C=10, coef0=0.0, degree=4, gamma=0.1; total time=  21.4s
[CV] END .............C=10, coef0=0.0, degree=4, gamma=0.001; total time= 3.1min
[CV] END ..............C=10, coef0=0.5, degree=2, gamma=auto; total time=  23.9s
[CV] END ..............C=10, coef0=0.5, degree=2, gamma=0.01; total time=  22.9s
[CV] END .............C=10, coef0=0.5, degree=2, gamma=0.001; total time=  47.6s
[CV] END ..............C=10, coef0=0.5, degree=3, gamma=auto; total time=  12.8s
[CV] END ..............C=10, coef0=0.5, degree=3, gamma=0.01; total time=  21.9s
[CV] END ..............C=10, coef0=0.5, degree=4, gamma=auto; total time=  12.6s
[CV] END ..............C=10, coef0=0.5, degree=4, gamma=0.01; total time=  22.3s
[CV] END ..............C=10, coef0=0.5, degree=5, gamma=auto; total time=  15.5s
[CV] END ..............C=10, coef0=0.5, degree=5, gamma=0.01; total time=  26.7s
[CV] END ..............C=10, coef0=1.0, degree=2, gamma=auto; total time=  16.7s
[CV] END .............C=10, coef0=1.0, degree=2, gamma=0.001; total time=  41.3s
[CV] END .............C=10, coef0=1.0, degree=4, gamma=scale; total time=  11.4s
[CV] END ...............C=10, coef0=1.0, degree=4, gamma=0.1; total time=  12.1s
[CV] END .............C=10, coef0=1.0, degree=4, gamma=0.001; total time=  33.6s
[CV] END ............C=100, coef0=0.0, degree=2, gamma=scale; total time=  19.8s
[CV] END ..............C=100, coef0=0.0, degree=2, gamma=0.1; total time=  28.3s
[CV] END .............C=100, coef0=0.0, degree=3, gamma=auto; total time=  13.4s
[CV] END .............C=100, coef0=0.0, degree=3, gamma=0.01; total time=  37.2s
[CV] END .............C=100, coef0=0.0, degree=4, gamma=auto; total time=  16.3s
[CV] END ..............C=100, coef0=0.0, degree=4, gamma=0.1; total time=  18.2s
[CV] END ............C=100, coef0=0.0, degree=4, gamma=0.001; total time= 3.0min
[CV] END .............C=100, coef0=0.5, degree=2, gamma=auto; total time=  14.8s
[CV] END ..............C=100, coef0=0.5, degree=2, gamma=0.1; total time=  20.1s
[CV] END ............C=100, coef0=0.5, degree=2, gamma=0.001; total time=  29.2s
[CV] END ..............C=100, coef0=0.5, degree=3, gamma=0.1; total time=  13.2s
[CV] END ............C=100, coef0=0.5, degree=3, gamma=0.001; total time=  29.6s
[CV] END .............C=100, coef0=0.5, degree=4, gamma=0.01; total time=  14.9s
[CV] END ............C=100, coef0=0.5, degree=5, gamma=scale; total time=  11.9s
[CV] END .............C=100, coef0=0.5, degree=5, gamma=0.01; total time=  14.7s
[CV] END .............C=100, coef0=1.0, degree=2, gamma=auto; total time=  16.1s
[CV] END .............C=100, coef0=1.0, degree=2, gamma=0.01; total time=  16.9s
[CV] END ............C=100, coef0=1.0, degree=3, gamma=scale; total time=  13.1s
[CV] END ..............C=100, coef0=1.0, degree=3, gamma=0.1; total time=  12.6s
[CV] END ............C=100, coef0=1.0, degree=4, gamma=scale; total time=  12.4s
[CV] END ..............C=100, coef0=1.0, degree=4, gamma=0.1; total time=  12.2s
[CV] END ............C=100, coef0=1.0, degree=5, gamma=scale; total time=  14.5s
[CV] END ..............C=100, coef0=1.0, degree=5, gamma=0.1; total time=  12.6s
[CV] END .............C=0.1, coef0=0.0, degree=2, gamma=auto; total time= 1.2min
[CV] END ............C=0.1, coef0=0.0, degree=3, gamma=scale; total time= 1.2min
[CV] END .............C=0.1, coef0=0.0, degree=3, gamma=auto; total time= 1.1min
[CV] END ............C=0.1, coef0=0.0, degree=3, gamma=0.001; total time= 3.2min
[CV] END ............C=0.1, coef0=0.0, degree=4, gamma=0.001; total time= 3.1min
[CV] END ..............C=0.1, coef0=0.0, degree=5, gamma=0.1; total time=  50.3s
[CV] END .............C=0.1, coef0=0.5, degree=2, gamma=auto; total time=  45.7s
[CV] END ..............C=0.1, coef0=0.5, degree=2, gamma=0.1; total time=  40.9s
[CV] END .............C=0.1, coef0=0.5, degree=2, gamma=0.01; total time= 1.7min
[CV] END ..............C=0.1, coef0=0.5, degree=3, gamma=0.1; total time=  24.5s
[CV] END .............C=0.1, coef0=0.5, degree=3, gamma=0.01; total time= 1.5min
[CV] END ..............C=0.1, coef0=0.5, degree=4, gamma=0.1; total time=  28.5s
[CV] END ............C=0.1, coef0=0.5, degree=4, gamma=0.001; total time= 3.0min
[CV] END ............C=0.1, coef0=1.0, degree=2, gamma=scale; total time=  35.2s
[CV] END ..............C=0.1, coef0=1.0, degree=2, gamma=0.1; total time=  27.9s
[CV] END ............C=0.1, coef0=1.0, degree=2, gamma=0.001; total time= 2.4min
[CV] END .............C=0.1, coef0=1.0, degree=4, gamma=auto; total time=  22.9s
[CV] END ............C=0.1, coef0=1.0, degree=4, gamma=0.001; total time= 1.9min
[CV] END ...............C=1, coef0=0.0, degree=2, gamma=auto; total time=  32.2s
[CV] END ..............C=1, coef0=0.0, degree=2, gamma=0.001; total time= 3.3min
[CV] END ...............C=1, coef0=0.0, degree=4, gamma=auto; total time=  44.2s
[CV] END ...............C=1, coef0=0.0, degree=4, gamma=0.01; total time= 2.9min
[CV] END ..............C=1, coef0=0.0, degree=5, gamma=0.001; total time= 3.1min
[CV] END ..............C=1, coef0=0.5, degree=3, gamma=0.001; total time= 1.5min
[CV] END ...............C=1, coef0=0.5, degree=5, gamma=auto; total time=  16.9s
[CV] END ...............C=1, coef0=0.5, degree=5, gamma=0.01; total time=  51.2s
[CV] END ................C=1, coef0=1.0, degree=2, gamma=0.1; total time=  16.8s
[CV] END ...............C=1, coef0=1.0, degree=2, gamma=0.01; total time=  37.8s
[CV] END ...............C=1, coef0=1.0, degree=3, gamma=auto; total time=  17.9s
[CV] END ...............C=1, coef0=1.0, degree=3, gamma=0.01; total time=  34.2s
[CV] END ................C=1, coef0=1.0, degree=4, gamma=0.1; total time=  18.9s
[CV] END ..............C=1, coef0=1.0, degree=4, gamma=0.001; total time= 1.0min
[CV] END ...............C=10, coef0=0.0, degree=2, gamma=0.1; total time=  20.2s
[CV] END .............C=10, coef0=0.0, degree=2, gamma=0.001; total time= 2.7min
[CV] END .............C=10, coef0=0.0, degree=4, gamma=0.001; total time= 3.4min
[CV] END ...............C=10, coef0=0.5, degree=2, gamma=0.1; total time=  23.7s
[CV] END .............C=10, coef0=0.5, degree=2, gamma=0.001; total time=  50.1s
[CV] END ..............C=10, coef0=0.5, degree=3, gamma=auto; total time=  13.1s
[CV] END ..............C=10, coef0=0.5, degree=3, gamma=0.01; total time=  22.8s
[CV] END ..............C=10, coef0=0.5, degree=4, gamma=auto; total time=  12.6s
[CV] END ..............C=10, coef0=0.5, degree=4, gamma=0.01; total time=  25.3s
[CV] END ..............C=10, coef0=0.5, degree=5, gamma=auto; total time=  12.9s
[CV] END .............C=10, coef0=0.5, degree=5, gamma=0.001; total time= 1.2min
[CV] END ...............C=10, coef0=1.0, degree=3, gamma=0.1; total time=  12.3s
[CV] END .............C=10, coef0=1.0, degree=4, gamma=scale; total time=  17.7s
[CV] END ..............C=10, coef0=1.0, degree=4, gamma=0.01; total time=  19.9s
[CV] END ..............C=10, coef0=1.0, degree=5, gamma=auto; total time=  12.1s
[CV] END ..............C=10, coef0=1.0, degree=5, gamma=0.01; total time=  16.6s
[CV] END ..............C=100, coef0=0.0, degree=2, gamma=0.1; total time=  24.6s
[CV] END ............C=100, coef0=0.0, degree=3, gamma=scale; total time=  16.6s
[CV] END ..............C=100, coef0=0.0, degree=3, gamma=0.1; total time=  14.6s
[CV] END ............C=100, coef0=0.0, degree=3, gamma=0.001; total time= 3.1min
[CV] END ............C=100, coef0=0.0, degree=5, gamma=0.001; total time= 3.3min
[CV] END ..............C=100, coef0=0.5, degree=5, gamma=0.1; total time=  19.7s
[CV] END ............C=100, coef0=1.0, degree=2, gamma=scale; total time=  17.6s
[CV] END .............C=100, coef0=1.0, degree=2, gamma=0.01; total time=  16.9s
[CV] END ............C=100, coef0=1.0, degree=3, gamma=scale; total time=  12.8s
[CV] END .............C=100, coef0=1.0, degree=3, gamma=0.01; total time=  15.9s
[CV] END .............C=100, coef0=1.0, degree=4, gamma=auto; total time=  22.2s
[CV] END ............C=100, coef0=1.0, degree=5, gamma=scale; total time=  14.3s
[CV] END .............C=100, coef0=1.0, degree=5, gamma=0.01; total time=  12.3s
[CV] END ............C=0.1, coef0=0.0, degree=2, gamma=scale; total time= 1.1min
[CV] END ............C=0.1, coef0=0.0, degree=3, gamma=scale; total time= 1.1min
[CV] END .............C=0.1, coef0=0.0, degree=3, gamma=auto; total time= 1.2min
[CV] END .............C=0.1, coef0=0.0, degree=3, gamma=0.01; total time= 3.3min
[CV] END .............C=0.1, coef0=0.0, degree=4, gamma=0.01; total time= 3.4min
[CV] END .............C=0.1, coef0=0.0, degree=5, gamma=0.01; total time= 3.4min
[CV] END ............C=0.1, coef0=0.5, degree=3, gamma=scale; total time=  35.8s
[CV] END ..............C=0.1, coef0=0.5, degree=3, gamma=0.1; total time=  27.3s
[CV] END ............C=0.1, coef0=0.5, degree=3, gamma=0.001; total time= 3.1min
[CV] END ..............C=0.1, coef0=0.5, degree=5, gamma=0.1; total time=  26.5s
[CV] END ............C=0.1, coef0=0.5, degree=5, gamma=0.001; total time= 3.2min
[CV] END ..............C=0.1, coef0=1.0, degree=3, gamma=0.1; total time=  23.6s
[CV] END ............C=0.1, coef0=1.0, degree=3, gamma=0.001; total time= 2.1min
[CV] END ..............C=0.1, coef0=1.0, degree=5, gamma=0.1; total time=  15.3s
[CV] END ............C=0.1, coef0=1.0, degree=5, gamma=0.001; total time= 1.9min
[CV] END ..............C=1, coef0=0.0, degree=3, gamma=scale; total time=  29.9s
[CV] END ................C=1, coef0=0.0, degree=3, gamma=0.1; total time=  23.9s
[CV] END ...............C=1, coef0=0.0, degree=3, gamma=0.01; total time= 2.5min
[CV] END ...............C=1, coef0=0.0, degree=4, gamma=0.01; total time= 3.2min
[CV] END ..............C=1, coef0=0.5, degree=2, gamma=scale; total time=  20.2s
[CV] END ...............C=1, coef0=0.5, degree=2, gamma=auto; total time=  20.9s
[CV] END ................C=1, coef0=0.5, degree=2, gamma=0.1; total time=  16.9s
[CV] END ...............C=1, coef0=0.5, degree=2, gamma=0.01; total time=  50.3s
[CV] END ..............C=1, coef0=0.5, degree=3, gamma=scale; total time=  23.3s
[CV] END ..............C=1, coef0=0.5, degree=3, gamma=scale; total time=  18.4s
[CV] END ................C=1, coef0=0.5, degree=3, gamma=0.1; total time=  16.7s
[CV] END ..............C=1, coef0=0.5, degree=3, gamma=0.001; total time= 1.6min
[CV] END ................C=1, coef0=0.5, degree=5, gamma=0.1; total time=  13.4s
[CV] END ..............C=1, coef0=0.5, degree=5, gamma=0.001; total time= 2.1min
[CV] END ...............C=1, coef0=1.0, degree=3, gamma=0.01; total time=  29.6s
[CV] END ...............C=1, coef0=1.0, degree=4, gamma=auto; total time=  14.3s
[CV] END ..............C=1, coef0=1.0, degree=4, gamma=0.001; total time=  58.6s
[CV] END .............C=10, coef0=0.0, degree=2, gamma=scale; total time=  21.8s
[CV] END ...............C=10, coef0=0.0, degree=2, gamma=0.1; total time=  18.4s
[CV] END .............C=10, coef0=0.0, degree=3, gamma=scale; total time=  26.0s
[CV] END ...............C=10, coef0=0.0, degree=3, gamma=0.1; total time=  25.1s
[CV] END .............C=10, coef0=0.0, degree=4, gamma=scale; total time=  29.4s
[CV] END .............C=10, coef0=0.0, degree=4, gamma=scale; total time=  21.1s
[CV] END .............C=10, coef0=0.0, degree=4, gamma=scale; total time=  21.7s
[CV] END ...............C=10, coef0=0.0, degree=4, gamma=0.1; total time=  16.2s
[CV] END ..............C=10, coef0=0.0, degree=4, gamma=0.01; total time= 2.4min
[CV] END .............C=10, coef0=0.0, degree=5, gamma=0.001; total time= 3.4min
[CV] END ..............C=10, coef0=0.5, degree=4, gamma=0.01; total time=  24.2s
[CV] END ...............C=10, coef0=0.5, degree=5, gamma=0.1; total time=  16.2s
[CV] END .............C=10, coef0=1.0, degree=2, gamma=scale; total time=  13.7s
[CV] END .............C=10, coef0=1.0, degree=2, gamma=scale; total time=  15.1s
[CV] END ...............C=10, coef0=1.0, degree=2, gamma=0.1; total time=  17.8s
[CV] END .............C=10, coef0=1.0, degree=3, gamma=scale; total time=  20.2s
[CV] END ..............C=10, coef0=1.0, degree=3, gamma=0.01; total time=  20.8s
[CV] END ..............C=10, coef0=1.0, degree=4, gamma=auto; total time=  11.6s
[CV] END ..............C=10, coef0=1.0, degree=4, gamma=0.01; total time=  20.3s
[CV] END ...............C=10, coef0=1.0, degree=5, gamma=0.1; total time=  12.1s
[CV] END .............C=10, coef0=1.0, degree=5, gamma=0.001; total time=  33.0s
[CV] END ............C=100, coef0=0.0, degree=2, gamma=0.001; total time= 1.6min
[CV] END .............C=100, coef0=0.0, degree=4, gamma=0.01; total time= 1.3min
[CV] END .............C=100, coef0=0.0, degree=5, gamma=auto; total time=  18.5s
[CV] END ..............C=100, coef0=0.0, degree=5, gamma=0.1; total time=  15.4s
[CV] END .............C=100, coef0=0.0, degree=5, gamma=0.01; total time= 2.5min
[CV] END .............C=100, coef0=0.5, degree=3, gamma=0.01; total time=  14.9s
[CV] END ............C=100, coef0=0.5, degree=4, gamma=scale; total time=  12.5s
[CV] END ..............C=100, coef0=0.5, degree=4, gamma=0.1; total time=  12.7s
[CV] END ............C=100, coef0=0.5, degree=4, gamma=0.001; total time=  30.7s
[CV] END ............C=100, coef0=1.0, degree=2, gamma=scale; total time=  17.6s
[CV] END ..............C=100, coef0=1.0, degree=2, gamma=0.1; total time=  32.1s
[CV] END ..............C=100, coef0=1.0, degree=3, gamma=0.1; total time=  14.0s
[CV] END ............C=100, coef0=1.0, degree=4, gamma=scale; total time=  12.5s
[CV] END .............C=100, coef0=1.0, degree=4, gamma=0.01; total time=  14.0s
[CV] END .............C=100, coef0=1.0, degree=5, gamma=auto; total time=  12.4s
[CV] END .............C=100, coef0=1.0, degree=5, gamma=0.01; total time=  12.7s
[CV] END .............C=0.1, coef0=0.0, degree=2, gamma=0.01; total time= 2.9min
[CV] END ..............C=0.1, coef0=0.0, degree=3, gamma=0.1; total time=  41.3s
[CV] END ............C=0.1, coef0=0.0, degree=3, gamma=0.001; total time= 3.3min
[CV] END ............C=0.1, coef0=0.0, degree=4, gamma=0.001; total time= 3.6min
[CV] END ............C=0.1, coef0=0.5, degree=2, gamma=scale; total time=  42.3s
[CV] END .............C=0.1, coef0=0.5, degree=2, gamma=auto; total time=  38.3s
[CV] END .............C=0.1, coef0=0.5, degree=2, gamma=0.01; total time= 1.6min
[CV] END ............C=0.1, coef0=0.5, degree=3, gamma=scale; total time=  40.9s
[CV] END ..............C=0.1, coef0=0.5, degree=3, gamma=0.1; total time=  24.3s
[CV] END ............C=0.1, coef0=0.5, degree=4, gamma=scale; total time=  31.6s
[CV] END ............C=0.1, coef0=0.5, degree=4, gamma=scale; total time=  32.3s
[CV] END .............C=0.1, coef0=0.5, degree=4, gamma=auto; total time=  33.6s
[CV] END ............C=0.1, coef0=0.5, degree=4, gamma=0.001; total time= 2.9min
[CV] END .............C=0.1, coef0=1.0, degree=2, gamma=auto; total time=  34.6s
[CV] END ..............C=0.1, coef0=1.0, degree=2, gamma=0.1; total time=  29.3s
[CV] END ............C=0.1, coef0=1.0, degree=2, gamma=0.001; total time= 2.2min
[CV] END .............C=0.1, coef0=1.0, degree=4, gamma=auto; total time=  22.0s
[CV] END ..............C=0.1, coef0=1.0, degree=4, gamma=0.1; total time=  16.9s
[CV] END ............C=0.1, coef0=1.0, degree=5, gamma=scale; total time=  21.5s
[CV] END ............C=0.1, coef0=1.0, degree=5, gamma=scale; total time=  19.3s
[CV] END .............C=0.1, coef0=1.0, degree=5, gamma=auto; total time=  23.3s
[CV] END ............C=0.1, coef0=1.0, degree=5, gamma=0.001; total time= 1.7min
[CV] END ..............C=1, coef0=0.0, degree=3, gamma=scale; total time=  35.7s
[CV] END ...............C=1, coef0=0.0, degree=3, gamma=auto; total time=  28.8s
[CV] END ...............C=1, coef0=0.0, degree=3, gamma=0.01; total time= 2.4min
[CV] END ................C=1, coef0=0.0, degree=4, gamma=0.1; total time=  21.0s
[CV] END ..............C=1, coef0=0.0, degree=4, gamma=0.001; total time= 3.1min
[CV] END ..............C=1, coef0=0.5, degree=2, gamma=scale; total time=  20.2s
[CV] END ...............C=1, coef0=0.5, degree=2, gamma=auto; total time=  23.8s
[CV] END ...............C=1, coef0=0.5, degree=2, gamma=0.01; total time=  42.5s
[CV] END ..............C=1, coef0=0.5, degree=2, gamma=0.001; total time= 1.3min
[CV] END ..............C=1, coef0=0.5, degree=4, gamma=scale; total time=  17.1s
[CV] END ...............C=1, coef0=0.5, degree=4, gamma=auto; total time=  25.3s
[CV] END ..............C=1, coef0=0.5, degree=4, gamma=0.001; total time= 1.7min
[CV] END ..............C=1, coef0=1.0, degree=2, gamma=scale; total time=  19.6s
[CV] END ...............C=1, coef0=1.0, degree=2, gamma=0.01; total time=  42.6s
[CV] END ...............C=1, coef0=1.0, degree=3, gamma=auto; total time=  15.4s
[CV] END ................C=1, coef0=1.0, degree=3, gamma=0.1; total time=  13.4s
[CV] END ..............C=1, coef0=1.0, degree=4, gamma=scale; total time=  13.9s
[CV] END ...............C=1, coef0=1.0, degree=4, gamma=auto; total time=  14.2s
[CV] END ...............C=1, coef0=1.0, degree=4, gamma=0.01; total time=  26.9s
[CV] END ..............C=1, coef0=1.0, degree=5, gamma=scale; total time=  14.0s
[CV] END ...............C=1, coef0=1.0, degree=5, gamma=0.01; total time=  27.9s
[CV] END ..............C=10, coef0=0.0, degree=2, gamma=auto; total time=  19.8s
[CV] END ..............C=10, coef0=0.0, degree=2, gamma=0.01; total time=  43.4s
[CV] END ..............C=10, coef0=0.0, degree=3, gamma=0.01; total time= 1.3min
[CV] END ..............C=10, coef0=0.0, degree=4, gamma=auto; total time=  25.6s
[CV] END ...............C=10, coef0=0.0, degree=4, gamma=0.1; total time=  15.6s
[CV] END .............C=10, coef0=0.0, degree=4, gamma=0.001; total time= 3.1min
[CV] END ..............C=10, coef0=0.5, degree=2, gamma=auto; total time=  14.2s
[CV] END ...............C=10, coef0=0.5, degree=2, gamma=0.1; total time=  13.5s
[CV] END ..............C=10, coef0=0.5, degree=2, gamma=0.01; total time=  22.2s
[CV] END .............C=10, coef0=0.5, degree=2, gamma=0.001; total time=  48.0s
[CV] END ...............C=10, coef0=0.5, degree=3, gamma=0.1; total time=  12.4s
[CV] END .............C=10, coef0=0.5, degree=3, gamma=0.001; total time=  47.8s
[CV] END .............C=10, coef0=0.5, degree=5, gamma=scale; total time=  12.7s
[CV] END ...............C=10, coef0=0.5, degree=5, gamma=0.1; total time=  12.1s
[CV] END .............C=10, coef0=0.5, degree=5, gamma=0.001; total time=  56.2s
[CV] END .............C=10, coef0=1.0, degree=3, gamma=scale; total time=  12.2s
[CV] END ...............C=10, coef0=1.0, degree=3, gamma=0.1; total time=  12.0s
[CV] END .............C=10, coef0=1.0, degree=3, gamma=0.001; total time=  38.5s
[CV] END ..............C=10, coef0=1.0, degree=5, gamma=auto; total time=  11.9s
[CV] END ..............C=10, coef0=1.0, degree=5, gamma=0.01; total time=  15.0s
[CV] END .............C=100, coef0=0.0, degree=2, gamma=auto; total time=  24.2s
[CV] END ............C=100, coef0=0.0, degree=2, gamma=0.001; total time= 1.8min
[CV] END ............C=100, coef0=0.0, degree=5, gamma=scale; total time=  22.0s
[CV] END ............C=100, coef0=0.0, degree=5, gamma=scale; total time=  22.1s
[CV] END ............C=100, coef0=0.0, degree=5, gamma=scale; total time=  16.4s
[CV] END .............C=100, coef0=0.0, degree=5, gamma=auto; total time=  16.8s
[CV] END ..............C=100, coef0=0.0, degree=5, gamma=0.1; total time=  16.5s
[CV] END .............C=100, coef0=0.0, degree=5, gamma=0.01; total time= 2.1min
[CV] END ............C=100, coef0=0.5, degree=3, gamma=scale; total time=  12.4s
[CV] END .............C=100, coef0=0.5, degree=3, gamma=auto; total time=  12.0s
[CV] END ..............C=100, coef0=0.5, degree=3, gamma=0.1; total time=  14.3s
[CV] END ............C=100, coef0=0.5, degree=4, gamma=scale; total time=  12.4s
[CV] END .............C=100, coef0=0.5, degree=4, gamma=auto; total time=  11.6s
[CV] END ..............C=100, coef0=0.5, degree=4, gamma=0.1; total time=  12.9s
[CV] END ............C=100, coef0=0.5, degree=5, gamma=scale; total time=  11.6s
[CV] END ..............C=100, coef0=0.5, degree=5, gamma=0.1; total time=  12.9s
[CV] END ............C=100, coef0=0.5, degree=5, gamma=0.001; total time=  37.4s
[CV] END ............C=100, coef0=1.0, degree=3, gamma=scale; total time=  16.1s
[CV] END .............C=100, coef0=1.0, degree=3, gamma=0.01; total time=  16.6s
[CV] END .............C=100, coef0=1.0, degree=4, gamma=auto; total time=  12.4s
[CV] END ............C=100, coef0=1.0, degree=4, gamma=0.001; total time=  23.0s
[CV] END .............C=100, coef0=1.0, degree=5, gamma=0.01; total time=  12.4s
[CV] END ............C=0.1, coef0=0.0, degree=2, gamma=scale; total time= 1.2min
[CV] END .............C=0.1, coef0=0.0, degree=3, gamma=auto; total time= 1.3min
[CV] END ..............C=0.1, coef0=0.0, degree=3, gamma=0.1; total time=  45.4s
[CV] END .............C=0.1, coef0=0.0, degree=3, gamma=0.01; total time= 3.2min
[CV] END ..............C=0.1, coef0=0.0, degree=4, gamma=0.1; total time=  40.3s
[CV] END ............C=0.1, coef0=0.0, degree=5, gamma=scale; total time= 1.9min
[CV] END .............C=0.1, coef0=0.0, degree=5, gamma=auto; total time= 1.6min
[CV] END ............C=0.1, coef0=0.5, degree=2, gamma=scale; total time=  38.1s
[CV] END .............C=0.1, coef0=0.5, degree=2, gamma=auto; total time=  42.8s
[CV] END .............C=0.1, coef0=0.5, degree=2, gamma=0.01; total time= 1.6min
[CV] END .............C=0.1, coef0=0.5, degree=3, gamma=auto; total time=  40.9s
[CV] END .............C=0.1, coef0=0.5, degree=3, gamma=0.01; total time= 1.4min
[CV] END .............C=0.1, coef0=0.5, degree=4, gamma=auto; total time=  34.5s
[CV] END ............C=0.1, coef0=0.5, degree=5, gamma=scale; total time=  31.4s
[CV] END ............C=0.1, coef0=0.5, degree=5, gamma=scale; total time=  38.7s
[CV] END .............C=0.1, coef0=0.5, degree=5, gamma=auto; total time=  33.6s
[CV] END .............C=0.1, coef0=0.5, degree=5, gamma=0.01; total time= 1.8min
[CV] END ..............C=0.1, coef0=1.0, degree=2, gamma=0.1; total time=  29.6s
[CV] END ............C=0.1, coef0=1.0, degree=2, gamma=0.001; total time= 2.5min
[CV] END .............C=0.1, coef0=1.0, degree=4, gamma=0.01; total time= 1.0min
[CV] END .............C=0.1, coef0=1.0, degree=5, gamma=auto; total time=  19.6s
[CV] END ............C=0.1, coef0=1.0, degree=5, gamma=0.001; total time= 1.9min
[CV] END ...............C=1, coef0=0.0, degree=3, gamma=auto; total time=  29.2s
[CV] END ................C=1, coef0=0.0, degree=3, gamma=0.1; total time=  24.8s
[CV] END ...............C=1, coef0=0.0, degree=3, gamma=0.01; total time= 2.6min
[CV] END ...............C=1, coef0=0.0, degree=4, gamma=0.01; total time= 3.1min
[CV] END ..............C=1, coef0=0.0, degree=5, gamma=0.001; total time= 3.5min
[CV] END ................C=1, coef0=0.5, degree=4, gamma=0.1; total time=  13.8s
[CV] END ..............C=1, coef0=0.5, degree=4, gamma=0.001; total time= 1.9min
[CV] END ................C=1, coef0=1.0, degree=2, gamma=0.1; total time=  16.8s
[CV] END ..............C=1, coef0=1.0, degree=2, gamma=0.001; total time= 1.2min
[CV] END ..............C=1, coef0=1.0, degree=4, gamma=scale; total time=  14.4s
[CV] END ...............C=1, coef0=1.0, degree=4, gamma=0.01; total time=  29.1s
[CV] END ..............C=1, coef0=1.0, degree=5, gamma=scale; total time=  18.3s
[CV] END ..............C=1, coef0=1.0, degree=5, gamma=0.001; total time=  58.9s
[CV] END .............C=10, coef0=0.0, degree=3, gamma=scale; total time=  25.4s
[CV] END ...............C=10, coef0=0.0, degree=3, gamma=0.1; total time=  25.6s
[CV] END .............C=10, coef0=0.0, degree=3, gamma=0.001; total time= 3.5min
[CV] END ...............C=10, coef0=0.0, degree=5, gamma=0.1; total time=  15.8s
[CV] END .............C=10, coef0=0.0, degree=5, gamma=0.001; total time= 3.4min
[CV] END ...............C=10, coef0=0.5, degree=4, gamma=0.1; total time=  12.5s
[CV] END .............C=10, coef0=0.5, degree=4, gamma=0.001; total time= 1.0min
[CV] END ..............C=10, coef0=1.0, degree=2, gamma=0.01; total time=  22.6s
[CV] END .............C=10, coef0=1.0, degree=3, gamma=scale; total time=  12.3s
[CV] END ...............C=10, coef0=1.0, degree=3, gamma=0.1; total time=  11.5s
[CV] END .............C=10, coef0=1.0, degree=3, gamma=0.001; total time=  35.4s
[CV] END .............C=10, coef0=1.0, degree=5, gamma=scale; total time=  17.7s
[CV] END .............C=10, coef0=1.0, degree=5, gamma=0.001; total time=  38.0s
[CV] END ............C=100, coef0=0.0, degree=3, gamma=scale; total time=  13.8s
[CV] END .............C=100, coef0=0.0, degree=3, gamma=auto; total time=  13.7s
[CV] END .............C=100, coef0=0.0, degree=3, gamma=0.01; total time=  34.3s
[CV] END ............C=100, coef0=0.0, degree=4, gamma=scale; total time=  16.2s
[CV] END ..............C=100, coef0=0.0, degree=4, gamma=0.1; total time=  15.9s
[CV] END .............C=100, coef0=0.0, degree=4, gamma=0.01; total time= 1.6min
[CV] END ..............C=100, coef0=0.0, degree=5, gamma=0.1; total time=  19.6s
[CV] END ............C=100, coef0=0.0, degree=5, gamma=0.001; total time= 3.1min
[CV] END ............C=100, coef0=0.5, degree=4, gamma=0.001; total time=  43.2s
[CV] END ..............C=100, coef0=1.0, degree=2, gamma=0.1; total time=  28.3s
[CV] END .............C=100, coef0=1.0, degree=3, gamma=auto; total time=  16.1s
[CV] END ............C=100, coef0=1.0, degree=3, gamma=0.001; total time=  27.4s
[CV] END ............C=100, coef0=1.0, degree=4, gamma=0.001; total time=  22.8s
[CV] END ............C=100, coef0=1.0, degree=5, gamma=0.001; total time=  18.2s
[CV] END ..............C=0.1, coef0=0.0, degree=2, gamma=0.1; total time=  41.5s
[CV] END .............C=0.1, coef0=0.0, degree=2, gamma=0.01; total time= 3.2min
[CV] END ............C=0.1, coef0=0.0, degree=4, gamma=scale; total time= 1.7min
[CV] END .............C=0.1, coef0=0.0, degree=4, gamma=auto; total time= 1.6min
[CV] END ............C=0.1, coef0=0.0, degree=5, gamma=scale; total time= 1.8min
[CV] END ..............C=0.1, coef0=0.0, degree=5, gamma=0.1; total time=  50.4s
[CV] END .............C=0.1, coef0=0.0, degree=5, gamma=0.01; total time= 3.4min
[CV] END ............C=0.1, coef0=0.5, degree=2, gamma=0.001; total time= 2.6min
[CV] END ..............C=0.1, coef0=0.5, degree=4, gamma=0.1; total time=  21.5s
[CV] END ............C=0.1, coef0=0.5, degree=4, gamma=0.001; total time= 3.1min
[CV] END .............C=0.1, coef0=1.0, degree=2, gamma=auto; total time=  35.5s
[CV] END .............C=0.1, coef0=1.0, degree=2, gamma=0.01; total time= 1.1min
[CV] END .............C=0.1, coef0=1.0, degree=3, gamma=auto; total time=  33.5s
[CV] END .............C=0.1, coef0=1.0, degree=3, gamma=0.01; total time= 1.1min
[CV] END ..............C=0.1, coef0=1.0, degree=4, gamma=0.1; total time=  17.1s
[CV] END .............C=0.1, coef0=1.0, degree=4, gamma=0.01; total time=  54.7s
[CV] END ..............C=0.1, coef0=1.0, degree=5, gamma=0.1; total time=  19.5s
[CV] END ..............C=1, coef0=0.0, degree=2, gamma=scale; total time=  38.2s
[CV] END ..............C=1, coef0=0.0, degree=2, gamma=scale; total time=  33.2s
[CV] END ...............C=1, coef0=0.0, degree=2, gamma=0.01; total time= 1.7min
[CV] END ..............C=1, coef0=0.0, degree=4, gamma=scale; total time=  44.5s
[CV] END ..............C=1, coef0=0.0, degree=4, gamma=scale; total time=  52.7s
[CV] END ...............C=1, coef0=0.0, degree=4, gamma=auto; total time=  41.2s
[CV] END ................C=1, coef0=0.0, degree=4, gamma=0.1; total time=  21.3s
[CV] END ..............C=1, coef0=0.0, degree=5, gamma=scale; total time= 1.0min
[CV] END ...............C=1, coef0=0.0, degree=5, gamma=auto; total time=  55.5s
[CV] END ...............C=1, coef0=0.0, degree=5, gamma=0.01; total time= 3.3min
[CV] END ...............C=1, coef0=0.5, degree=3, gamma=auto; total time=  18.4s
[CV] END ................C=1, coef0=0.5, degree=3, gamma=0.1; total time=  15.2s
[CV] END ..............C=1, coef0=0.5, degree=3, gamma=0.001; total time= 1.6min
[CV] END ................C=1, coef0=0.5, degree=5, gamma=0.1; total time=  13.5s
[CV] END ..............C=1, coef0=1.0, degree=2, gamma=scale; total time=  22.8s
[CV] END ..............C=1, coef0=1.0, degree=2, gamma=scale; total time=  23.7s
[CV] END ...............C=1, coef0=1.0, degree=2, gamma=auto; total time=  23.6s
[CV] END ..............C=1, coef0=1.0, degree=2, gamma=0.001; total time= 1.4min
[CV] END ................C=1, coef0=1.0, degree=4, gamma=0.1; total time=  19.3s
[CV] END ..............C=1, coef0=1.0, degree=5, gamma=scale; total time=  14.7s
[CV] END ...............C=1, coef0=1.0, degree=5, gamma=auto; total time=  13.2s
[CV] END ...............C=1, coef0=1.0, degree=5, gamma=0.01; total time=  26.4s
[CV] END ..............C=10, coef0=0.0, degree=2, gamma=auto; total time=  18.2s
[CV] END ..............C=10, coef0=0.0, degree=2, gamma=0.01; total time=  41.9s
[CV] END ...............C=10, coef0=0.0, degree=3, gamma=0.1; total time=  13.6s
[CV] END .............C=10, coef0=0.0, degree=3, gamma=0.001; total time= 3.1min
[CV] END ..............C=10, coef0=0.0, degree=5, gamma=auto; total time=  27.7s
[CV] END ...............C=10, coef0=0.0, degree=5, gamma=0.1; total time=  16.5s
[CV] END ..............C=10, coef0=0.0, degree=5, gamma=0.01; total time= 2.9min
[CV] END ...............C=10, coef0=0.5, degree=3, gamma=0.1; total time=  12.1s
[CV] END .............C=10, coef0=0.5, degree=3, gamma=0.001; total time=  49.6s
[CV] END .............C=10, coef0=0.5, degree=5, gamma=scale; total time=  12.7s
[CV] END ..............C=10, coef0=0.5, degree=5, gamma=0.01; total time=  24.5s
[CV] END .............C=10, coef0=1.0, degree=2, gamma=scale; total time=  14.1s
[CV] END ...............C=10, coef0=1.0, degree=2, gamma=0.1; total time=  15.0s
[CV] END .............C=10, coef0=1.0, degree=2, gamma=0.001; total time=  44.2s
[CV] END .............C=10, coef0=1.0, degree=4, gamma=scale; total time=  11.9s
[CV] END ...............C=10, coef0=1.0, degree=4, gamma=0.1; total time=  12.0s
[CV] END .............C=10, coef0=1.0, degree=5, gamma=scale; total time=  11.8s
[CV] END ...............C=10, coef0=1.0, degree=5, gamma=0.1; total time=  12.5s
[CV] END .............C=10, coef0=1.0, degree=5, gamma=0.001; total time=  33.5s
[CV] END ............C=100, coef0=0.0, degree=2, gamma=0.001; total time= 1.6min
[CV] END ............C=100, coef0=0.0, degree=4, gamma=0.001; total time= 3.2min
[CV] END .............C=100, coef0=0.5, degree=2, gamma=auto; total time=  16.3s
[CV] END .............C=100, coef0=0.5, degree=2, gamma=0.01; total time=  21.4s
[CV] END ............C=100, coef0=0.5, degree=2, gamma=0.001; total time=  31.8s
[CV] END .............C=100, coef0=0.5, degree=3, gamma=0.01; total time=  15.1s
[CV] END ............C=100, coef0=0.5, degree=4, gamma=scale; total time=  14.3s
[CV] END .............C=100, coef0=0.5, degree=4, gamma=auto; total time=  13.0s
[CV] END ............C=100, coef0=0.5, degree=4, gamma=0.001; total time=  30.7s
[CV] END ............C=100, coef0=1.0, degree=2, gamma=scale; total time=  19.5s
[CV] END ..............C=100, coef0=1.0, degree=2, gamma=0.1; total time=  23.4s
[CV] END .............C=100, coef0=1.0, degree=3, gamma=auto; total time=  12.6s
[CV] END ............C=100, coef0=1.0, degree=3, gamma=0.001; total time=  34.2s
[CV] END .............C=100, coef0=1.0, degree=5, gamma=auto; total time=  17.7s
[CV] END ............C=100, coef0=1.0, degree=5, gamma=0.001; total time=  18.8s
[CV] END .............C=0.1, coef0=0.0, degree=2, gamma=auto; total time= 1.1min
[CV] END ............C=0.1, coef0=0.0, degree=3, gamma=scale; total time= 1.2min
[CV] END ..............C=0.1, coef0=0.0, degree=3, gamma=0.1; total time=  39.6s
[CV] END .............C=0.1, coef0=0.0, degree=3, gamma=0.01; total time= 3.5min
[CV] END .............C=0.1, coef0=0.0, degree=4, gamma=0.01; total time= 3.7min
[CV] END ............C=0.1, coef0=0.0, degree=5, gamma=0.001; total time= 3.4min
[CV] END .............C=0.1, coef0=0.5, degree=3, gamma=auto; total time=  38.1s
[CV] END ............C=0.1, coef0=0.5, degree=3, gamma=0.001; total time= 3.3min
[CV] END .............C=0.1, coef0=0.5, degree=5, gamma=auto; total time=  34.4s
[CV] END ............C=0.1, coef0=1.0, degree=2, gamma=scale; total time=  40.8s
[CV] END ............C=0.1, coef0=1.0, degree=2, gamma=scale; total time=  44.8s
[CV] END .............C=0.1, coef0=1.0, degree=2, gamma=auto; total time=  37.7s
[CV] END ............C=0.1, coef0=1.0, degree=3, gamma=scale; total time=  27.0s
[CV] END ............C=0.1, coef0=1.0, degree=3, gamma=scale; total time=  32.7s
[CV] END ..............C=0.1, coef0=1.0, degree=3, gamma=0.1; total time=  21.0s
[CV] END ............C=0.1, coef0=1.0, degree=3, gamma=0.001; total time= 2.2min
[CV] END ..............C=0.1, coef0=1.0, degree=5, gamma=0.1; total time=  15.3s
[CV] END .............C=0.1, coef0=1.0, degree=5, gamma=0.01; total time=  47.9s
[CV] END ...............C=1, coef0=0.0, degree=2, gamma=auto; total time=  42.5s
[CV] END ..............C=1, coef0=0.0, degree=2, gamma=0.001; total time= 3.3min
[CV] END ...............C=1, coef0=0.0, degree=4, gamma=auto; total time=  49.8s
[CV] END ..............C=1, coef0=0.0, degree=4, gamma=0.001; total time= 3.5min
[CV] END ................C=1, coef0=0.5, degree=2, gamma=0.1; total time=  17.1s
[CV] END ...............C=1, coef0=0.5, degree=2, gamma=0.01; total time=  39.1s
[CV] END ..............C=1, coef0=0.5, degree=2, gamma=0.001; total time= 1.4min
[CV] END ..............C=1, coef0=0.5, degree=4, gamma=scale; total time=  17.8s
[CV] END ...............C=1, coef0=0.5, degree=4, gamma=auto; total time=  18.6s
[CV] END ...............C=1, coef0=0.5, degree=4, gamma=0.01; total time=  43.7s
[CV] END ...............C=1, coef0=0.5, degree=5, gamma=auto; total time=  17.6s
[CV] END ...............C=1, coef0=0.5, degree=5, gamma=0.01; total time=  51.5s
[CV] END ...............C=1, coef0=1.0, degree=2, gamma=auto; total time=  20.4s
[CV] END ...............C=1, coef0=1.0, degree=2, gamma=0.01; total time=  37.8s
[CV] END ..............C=1, coef0=1.0, degree=3, gamma=scale; total time=  16.4s
[CV] END ................C=1, coef0=1.0, degree=3, gamma=0.1; total time=  17.4s
[CV] END ..............C=1, coef0=1.0, degree=4, gamma=scale; total time=  14.9s
[CV] END ...............C=1, coef0=1.0, degree=4, gamma=auto; total time=  14.7s
[CV] END ..............C=1, coef0=1.0, degree=4, gamma=0.001; total time= 1.1min
[CV] END .............C=10, coef0=0.0, degree=2, gamma=scale; total time=  18.8s
[CV] END ..............C=10, coef0=0.0, degree=2, gamma=0.01; total time=  47.0s
[CV] END ..............C=10, coef0=0.0, degree=3, gamma=0.01; total time= 1.4min
[CV] END ..............C=10, coef0=0.0, degree=4, gamma=auto; total time=  25.5s
[CV] END ..............C=10, coef0=0.0, degree=4, gamma=0.01; total time= 2.5min
[CV] END .............C=10, coef0=0.5, degree=2, gamma=scale; total time=  15.2s
[CV] END .............C=10, coef0=0.5, degree=2, gamma=scale; total time=  17.9s
[CV] END .............C=10, coef0=0.5, degree=2, gamma=scale; total time=  14.2s
[CV] END ..............C=10, coef0=0.5, degree=2, gamma=auto; total time=  14.3s
[CV] END ...............C=10, coef0=0.5, degree=2, gamma=0.1; total time=  13.7s
[CV] END ..............C=10, coef0=0.5, degree=2, gamma=0.01; total time=  23.5s
[CV] END .............C=10, coef0=0.5, degree=3, gamma=scale; total time=  13.2s
[CV] END .............C=10, coef0=0.5, degree=3, gamma=scale; total time=  18.0s
[CV] END .............C=10, coef0=0.5, degree=3, gamma=scale; total time=  13.4s
[CV] END ..............C=10, coef0=0.5, degree=3, gamma=auto; total time=  13.3s
[CV] END .............C=10, coef0=0.5, degree=3, gamma=0.001; total time=  53.7s
[CV] END ..............C=10, coef0=0.5, degree=5, gamma=auto; total time=  15.7s
[CV] END ..............C=10, coef0=0.5, degree=5, gamma=0.01; total time=  26.4s
[CV] END ..............C=10, coef0=1.0, degree=2, gamma=auto; total time=  16.9s
[CV] END ..............C=10, coef0=1.0, degree=2, gamma=0.01; total time=  21.8s
[CV] END ..............C=10, coef0=1.0, degree=3, gamma=auto; total time=  11.6s
[CV] END .............C=10, coef0=1.0, degree=3, gamma=0.001; total time=  35.8s
[CV] END .............C=10, coef0=1.0, degree=4, gamma=0.001; total time=  32.9s
[CV] END ............C=100, coef0=0.0, degree=2, gamma=scale; total time=  18.8s
[CV] END .............C=100, coef0=0.0, degree=2, gamma=0.01; total time=  26.0s
[CV] END .............C=100, coef0=0.0, degree=3, gamma=auto; total time=  15.5s
[CV] END ............C=100, coef0=0.0, degree=3, gamma=0.001; total time= 3.2min
[CV] END ............C=100, coef0=0.5, degree=2, gamma=scale; total time=  20.6s
[CV] END ............C=100, coef0=0.5, degree=2, gamma=scale; total time=  21.9s
[CV] END ............C=100, coef0=0.5, degree=2, gamma=scale; total time=  28.0s
[CV] END ..............C=100, coef0=0.5, degree=2, gamma=0.1; total time=  24.9s
[CV] END .............C=100, coef0=0.5, degree=2, gamma=0.01; total time=  16.1s
[CV] END ............C=100, coef0=0.5, degree=3, gamma=scale; total time=  11.8s
[CV] END .............C=100, coef0=0.5, degree=3, gamma=auto; total time=  12.3s
[CV] END ............C=100, coef0=0.5, degree=3, gamma=0.001; total time=  34.2s
[CV] END .............C=100, coef0=0.5, degree=4, gamma=0.01; total time=  14.7s
[CV] END .............C=100, coef0=0.5, degree=5, gamma=auto; total time=  12.1s
[CV] END .............C=100, coef0=0.5, degree=5, gamma=0.01; total time=  14.9s
[CV] END .............C=100, coef0=1.0, degree=2, gamma=auto; total time=  17.1s
[CV] END ............C=100, coef0=1.0, degree=2, gamma=0.001; total time=  26.6s
[CV] END ..............C=100, coef0=1.0, degree=3, gamma=0.1; total time=  16.6s
[CV] END .............C=100, coef0=1.0, degree=4, gamma=auto; total time=  12.7s
[CV] END .............C=100, coef0=1.0, degree=4, gamma=0.01; total time=  14.7s
[CV] END ..............C=100, coef0=1.0, degree=5, gamma=0.1; total time=  13.6s
[CV] END ............C=100, coef0=1.0, degree=5, gamma=0.001; total time=  18.7s
